WARNING: 2 finite variable bounds are >= bndrange in magnitude.
         These bounds will be treated as infinite in Knitro.
         To impose as finite bounds, increase bndrange user option.
WARNING: 2 finite constraint bounds are >= bndrange in magnitude.
         These bounds will be treated as infinite in Knitro.
         To impose as finite bounds, increase bndrange user option.

=======================================
          Commercial License
         Artelys Knitro 12.2.0
=======================================

Knitro presolve eliminated 0 variables and 1 constraint.

algorithm:               4
bar_feasible:            3
cg_maxit:               50
feastol_abs:             0.0001
maxit:                   10
opttol:                  0.0001
outlev:                  4
outmode:                 2
par_concurrent_evals:    0
WARNING: Option bar_feasible not valid for Active-Set algorithms.
Knitro changing act_qpalg from AUTO to 2.
Knitro changing linesearch from AUTO to 1.
Knitro changing linsolver from AUTO to 4.
Knitro shifted start point to satisfy presolved bounds (1 variable).

Problem Characteristics                                 (   Presolved)
-----------------------
Objective goal:  Minimize
Objective type:  general
Number of variables:                               7603 (        7603)
    bounded below only:                               0 (           0)
    bounded above only:                               0 (           0)
    bounded below and above:                       7602 (        7602)
    fixed:                                            0 (           0)
    free:                                             1 (           1)
Number of constraints:                             6880 (        8357)
    linear equalities:                                0 (           0)
    quadratic equalities:                             0 (           0)
    gen. nonlinear equalities:                     5401 (        5401)
    linear one-sided inequalities:                    0 (           0)
    quadratic one-sided inequalities:                 0 (           0)
    gen. nonlinear one-sided inequalities:            1 (        2956)
    linear two-sided inequalities:                    0 (           0)
    quadratic two-sided inequalities:                 0 (           0)
    gen. nonlinear two-sided inequalities:         1478 (           0)
Number of nonzeros in Jacobian:                  243790 (      251031)
Number of nonzeros in Hessian:                        0 (           0)

  Iter     fCount     Objective      FeasError   OptError    ||Step||    CGits 
--------  --------  --------------  ----------  ----------  ----------  -------
       0         2   -2.563566e-01   4.000e-01
       1         8   -1.264255e-01   3.831e-01   2.643e-02   1.478e-01        2
       2        14    1.901444e-02   3.831e-01   3.138e-02   1.478e-01        2
       3        26   -3.156720e-03   3.898e-01   2.000e+00   3.696e-02        4
       4        36   -3.863635e-04   3.904e-01   5.759e-02   4.620e-03        6
       5        44   -1.367923e-04   3.904e-01   1.011e+02   1.155e-03        3
       6        52   -1.200212e-04   3.904e-01   2.137e+00   2.888e-04        3
       7        58   -1.066059e-04   3.904e-01   3.798e+03   5.775e-04        2
       8        64   -7.666518e-05   3.904e-01   3.347e+04   1.155e-03        2
       9        69   -7.671907e-05   3.904e-01   1.363e+01   2.888e-04        0
      10        74   -6.156767e-05   3.904e-01   2.995e+05   5.775e-04        1

EXIT: Iteration limit reached. Current point is infeasible.

Final Statistics
----------------
Final objective value               =  -6.15676688653548e-05
Final feasibility error (abs / rel) =   3.90e-01 / 3.90e-01
Final optimality error  (abs / rel) =   2.99e+05 / 2.99e+05
# of iterations                     =         10 
# of CG iterations                  =         25 
# of function evaluations           =         74
# of gradient evaluations           =         12
Total program time (secs)           =    6364.49707 (101173.273 CPU time)
Time spent in evaluations (secs)    =    5655.47021

===============================================================================

