
=======================================
          Commercial License
         Artelys Knitro 12.2.0
=======================================

Knitro presolve eliminated 0 variables and 0 constraints.

cg_maxit:               50
feastol:                 0.0001
feastol_abs:             0.0001
maxit:                   60
opttol:                  0.0001
outlev:                  3
outmode:                 2
par_concurrent_evals:    0
Knitro changing algorithm from AUTO to 1.
Knitro changing bar_initpt from AUTO to 3.
Knitro changing bar_murule from AUTO to 4.
Knitro changing bar_penaltycons from AUTO to 0.
Knitro changing bar_penaltyrule from AUTO to 2.
Knitro changing bar_switchrule from AUTO to 2.
Knitro changing linesearch from AUTO to 1.
Knitro changing linsolver from AUTO to 5.

Problem Characteristics                                 (   Presolved)
-----------------------
Objective goal:  Minimize
Objective type:  general
Number of variables:                               7602 (        7602)
    bounded below only:                               0 (           0)
    bounded above only:                               0 (           0)
    bounded below and above:                       7602 (        7602)
    fixed:                                            0 (           0)
    free:                                             0 (           0)
Number of constraints:                             6848 (       13696)
    linear equalities:                                0 (           0)
    quadratic equalities:                             0 (           0)
    gen. nonlinear equalities:                        0 (           0)
    linear one-sided inequalities:                    0 (           0)
    quadratic one-sided inequalities:                 0 (           0)
    gen. nonlinear one-sided inequalities:            0 (       13696)
    linear two-sided inequalities:                    0 (           0)
    quadratic two-sided inequalities:                 0 (           0)
    gen. nonlinear two-sided inequalities:         6848 (           0)
Number of nonzeros in Jacobian:                  239440 (      478880)
Number of nonzeros in Hessian:                        0 (           0)

  Iter      Objective      FeasError   OptError    ||Step||    CGits 
--------  --------------  ----------  ----------  ----------  -------
       0    1.600358e+01   0.000e+00
       1    4.685081e+00   7.964e+00   7.974e+00   6.255e+00        0
       2    1.883702e+01   6.364e+00   1.035e+01   3.890e+01        0
       3    2.386258e+02   5.888e+00   1.064e+03   2.313e+01        0
       4    3.351776e+02   5.679e+00   2.072e+03   1.593e+01        0
       5    2.385054e+02   5.429e+00   6.083e+02   4.286e+01        0
       6    2.054232e+02   6.964e+00   6.636e+02   1.175e+02        0
       7    6.569270e+02   9.129e+00   1.578e+03   1.405e+02        0
       8    5.797320e+02   1.011e+01   1.308e+03   2.360e+01        0
       9    4.050171e+02   1.635e+01   6.753e+02   3.991e+01        0
      10    3.906174e+02   1.534e+01   4.411e+02   7.147e+01        0
      11    5.406938e+02   1.477e+01   6.922e+02   8.443e+01        0
      12    5.742169e+02   1.439e+01   2.118e+03   2.688e+01        0
      13    5.774077e+02   1.419e+01   7.447e+03   6.735e+00        0
      14    5.755136e+02   1.407e+01   6.100e+03   5.624e+00        0
      15    5.676380e+02   1.404e+01   1.522e+04   4.167e+00        0
      16    5.563482e+02   1.399e+01   7.245e+03   4.806e+00        0
      17    5.310739e+02   1.396e+01   7.614e+03   5.072e+00        0
      18    5.051736e+02   1.391e+01   8.286e+03   6.231e+00        0
      19    5.173753e+02   1.364e+01   1.173e+04   1.395e+01        0
      20    5.192097e+02   1.328e+01   1.095e+04   1.865e+01        0
      21    4.896895e+02   1.291e+01   1.210e+04   1.902e+01        0
      22    4.517422e+02   1.266e+01   1.510e+04   2.310e+01        0
      23    4.520118e+02   1.232e+01   1.494e+04   1.540e+01        0
      24    4.582761e+02   1.228e+01   2.152e+04   1.518e+01        0
      25    4.683060e+02   1.173e+01   1.778e+04   1.428e+01        0
      26    4.820820e+02   1.175e+01   4.815e+04   1.914e+01        0
      27    5.100193e+02   1.197e+01   1.558e+04   2.237e+01        0
      28    5.397932e+02   1.192e+01   5.917e+04   1.166e+01        0
      29    5.939056e+02   1.184e+01   2.806e+04   2.757e+01        0
      30    6.217295e+02   1.187e+01   1.863e+04   2.731e+01        0
      31    6.528969e+02   1.189e+01   3.468e+04   3.242e+01        0
      32    6.781764e+02   1.189e+01   3.566e+04   1.816e+01        0
      33    6.894837e+02   1.189e+01   3.620e+04   6.628e+00        0
      34    7.124093e+02   1.195e+01   3.115e+02   9.330e+00        8
      35    7.193008e+02   1.195e+01   1.241e+03   4.034e+00        0
      36    7.518183e+02   1.199e+01   1.636e+03   7.423e+01        0
      37    6.725779e+02   1.163e+01   1.251e+03   5.143e+01        0
      38    7.476847e+02   1.172e+01   1.235e+03   8.336e+01        0
      39    7.430826e+02   1.162e+01   3.687e+03   3.848e+01        0
ERROR: User routine for grad_callback returned -504.
       Could not evaluate first derivatives at the current point.

EXIT: Callback function error.

Final Statistics
----------------
Final objective value               =   7.43082573877246e+02
Final feasibility error (abs / rel) =   1.16e+01 / 1.16e+01
Final optimality error  (abs / rel) =   3.69e+03 / 1.25e+01
# of iterations                     =         40 
# of CG iterations                  =          8 
# of function evaluations           =         47
# of gradient evaluations           =         41
Total program time (secs)           =    5939.41406 (102673.102 CPU time)
Time spent in evaluations (secs)    =    5797.89551

===============================================================================

