1
 
 SNMEMA EXIT 100 -- finished successfully
 SNMEMA INFO 104 -- memory requirements estimated

 
 ===>  WARNING - Column    115 of the Jacobian is empty.
 ===>  WARNING - Column    116 of the Jacobian is empty.
 ===>  WARNING - Column    117 of the Jacobian is empty.
 ===>  WARNING - Column    118 of the Jacobian is empty.
 ===>  WARNING - Column    119 of the Jacobian is empty.
 ===>  WARNING - Column    120 of the Jacobian is empty.
 ===>  WARNING - Column    121 of the Jacobian is empty.
 ===>  WARNING - Column    122 of the Jacobian is empty.
 ===>  WARNING - Column    123 of the Jacobian is empty.
 ===>  WARNING - Column    124 of the Jacobian is empty.
 ===>  WARNING - Column    125 of the Jacobian is empty.
 ===>  WARNING - Column    126 of the Jacobian is empty.
1
 
 Parameters
 ==========

 Files
 -----
 Solution file..........         0       Old basis file ........         0       Standard input.........         5
 Insert file............         0       New basis file ........         0       (Printer)..............        10
 Punch file.............         0       Backup basis file......         0       (Specs file)...........         0
 Load file..............         0       Dump file..............         0       Standard output........         6

 Frequencies
 -----------
 Print frequency........       100       Check frequency........        60       Save new basis map.....       100
 Summary frequency......       100       Factorization frequency        50       Expand frequency.......     10000

 QP subproblems
 --------------
 QPsolver Cholesky......
 Scale tolerance........     0.900       Minor feasibility tol..  1.00E-06       Iteration limit........     10000
 Scale option...........         0       Minor optimality  tol..  1.00E-06       Minor print level......         0
 Crash tolerance........     0.100       Pivot tolerance........  3.25E-11       New superbasics........        99
 Crash option...........         3       Elastic weight.........  1.00E+05

 Partial pricing
 ---------------
 LP Partial price.......         1       Prtl price section ( A)       127       Prtl price section (-I)        62
 QP Partial price.......         1       Prtl price section ( A)       127       Prtl price section (-I)        62

 The SQP Method
 --------------
 Minimize...............                 Cold start.............                 Proximal Point method..         1
 Nonlinear objectiv vars         0       Objective Row..........         1       Function precision.....  3.00E-13
 Unbounded step size....  1.00E+20       Superbasics limit......       115       Difference interval....  5.48E-07
 Unbounded objective....  1.00E+10       Reduced Hessian dim....       115       Central difference int.  6.70E-05
 Major step limit.......  2.00E+00       Derivative linesearch..                 Derivative option......         1
 Major iterations limit.      1000       Linesearch tolerance...   0.90000       Verify level...........         0
 Minor iterations limit.       500       Penalty parameter......  0.00E+00       Major Print Level......         1
 Time limit (secs)...... 9999999.0       Major optimality tol...  1.00E-04

 Hessian Approximation
 ---------------------
 Hessian limited-memory.                 Hessian updates........        10       Hessian frequency......  99999999
                                                                                 Hessian flush..........  99999999

 Nonlinear constraints
 ---------------------
 Nonlinear constraints..        61       Major feasibility tol..  1.00E-04       Violation limit........  1.00E+01
 Nonlinear Jacobian vars       114

 Miscellaneous
 -------------
 LU factor tolerance....      3.99       LU singularity tol.....  3.25E-11       Timing level...........         3
 LU update tolerance....      3.99       LU swap tolerance......  1.22E-04       Debug level............         0
 LU partial  pivoting...                 eps (machine precision)  2.22E-16       System information.....        No
                                                                                 Sticky parameters......        No
1
 

 

 Matrix statistics
 -----------------
               Total      Normal        Free       Fixed     Bounded
 Rows             62           0           1          61           0
 Columns         127           0           1          48          78

 No. of matrix elements                 2606     Density      33.096
 Biggest  constant element        0.0000E+00  (excluding fixed columns,
 Smallest constant element        0.0000E+00   free rows, and RHS)

 No. of objective coefficients             0

 Nonlinear constraints      61     Linear constraints       1
 Nonlinear variables       114     Linear variables        13
 Jacobian  variables       114     Objective variables      0
 Total constraints          62     Total variables        127
1
 

 
 The user has defined    2604   out of    2604   first  derivatives

 Cheap test of user-supplied problem derivatives...

 The constraint gradients seem to be OK.

 -->  The largest discrepancy was    1.20E-05  in constraint   185
 
1
 
 

   Itns Major Minors    Step   nCon Feasible  Optimal  MeritFunction     L+U BSwap     nS condZHZ Penalty
     23     0     23              1  2.1E-01  7.4E-03  3.4656934E-01     623           20 4.3E+03         _  r
     24     1      1 8.0E-01      2  4.2E-02  7.3E-03  1.6042007E+00     603     4     20 4.6E+00 1.6E+00 _  rl
     25     2      1 1.0E+00      3 (6.8E-05) 7.2E-03  1.5589267E+00     603           20 4.6E+00 1.6E+00 _s
     26     3      1 5.8E-01      5  6.9E-02  3.0E-03  6.7700240E-01     603           20 4.6E+00 1.6E+00 _
     27     4      1 1.0E+00      6  3.5E-02  2.2E-01  3.6165591E-01     603           20 4.6E+00 1.6E+00 _    i
     28     5      1 7.7E-08     11  3.5E-02  2.2E-01  5.3554480E-01     603           20 4.6E+00 9.1E+00 _    i
     36     6      8 1.0E+00     12 (1.7E-07)(1.1E-06) 3.1875814E-01     630           16 4.2E+00 9.1E+00 _    i
1
 
 SNOPTA EXIT   0 -- finished successfully
 SNOPTA INFO   1 -- optimality conditions satisfied

 Problem name                      Toy
 No. of iterations                  36   Objective            3.2564314025E-01
 No. of major iterations             6   Linear    obj. term  3.2564314025E-01
 Penalty parameter           9.077E+00   Nonlinear obj. term  0.0000000000E+00
 User function calls (total)        13
 No. of superbasics                 16   No. of basic nonlinears            46
 No. of degenerate steps             1   Percentage                       2.78
 Max x                     115 6.1E+00   Max pi                     51 1.0E+10
 Max Primal infeas         179 5.3E-07   Max Dual infeas            58 3.9E+03
 Nonlinear constraint violn    1.1E-06
1
 
 Name                Toy                 Objective Value      3.2564314025E-01

 Status         Optimal Soln             Iteration     36    Superbasics    16

 Objective               (Min)
 RHS
 Ranges
 Bounds

 Section 1 - Constraints

  Number  ...Row.. State  ...Value......  Slack Value...  ..Lower Limit.  ..Upper Limit.  .Dual Variable    ..i
 
     128  r      1    BS         0.32564         0.32564           None            None         -1.0          1
     129  r      2 A  EQ          .               .               .               .             -5.70975      2
     130  r      3 A  EQ          .               .               .               .            411.40738      3
     131  r      4 A  EQ          .               .               .               .          -5257.51506      4
     132  r      5 A  EQ          .               .               .               .            769.63288      5
     133  r      6 A  EQ          .               .               .               .          -3070.73294      6
     134  r      7 A  EQ          .               .               .               .            288.25907      7
     135  r      8 A  EQ          .               .               .               .            890.25728      8
     136  r      9 A  EQ          .               .               .               .          -3030.82537      9
     137  r     10 A  EQ          .               .               .               .            400.61406     10
     138  r     11 A  EQ          .               .               .               .            135.21990     11
     139  r     12 A  EQ          .               .               .               .          -3525.43607     12
     140  r     13 A  EQ          .               .               .               .              0.36250     13
     141  r     14 A  EQ          .               .               .               .             58.98389     14
     142  r     15 A  EQ          .               .               .               .          -3553.05011     15
     143  r     16 A  EQ          .               .               .               .             18.25141     16
     144  r     17 A  EQ        -0.00000        -0.00000          .               .         -21755.64007     17
     145  r     18 A  EQ         0.00000         0.00000          .               .           -313.88563     18
     146  r     19 A  EQ         0.00000         0.00000          .               .           6281.46767     19
     147  r     20 A  EQ         0.00000         0.00000          .               .           -519.67286     20
     148  r     21 A  EQ        -0.00000        -0.00000          .               .           -274.58532     21
     149  r     22 A  EQ        -0.00000        -0.00000          .               .            -35.25762     22
     150  r     23 A  EQ         0.00000         0.00000          .               .          -1109.40742     23
     151  r     24 A  EQ        -0.00000        -0.00000          .               .           -578.13327     24
     152  r     25 A  EQ        -0.00000        -0.00000          .               .            -49.14944     25
     153  r     26 A  EQ        -0.00000        -0.00000          .               .           1799.64929     26
     154  r     27 A  EQ        -0.00000        -0.00000          .               .           1070.31766     27
     155  r     28 A  EQ        -0.00000        -0.00000          .               .            349.78134     28
     156  r     29 A  EQ        -0.00000        -0.00000          .               .            477.69002     29
     157  r     30 A  EQ        -0.00000        -0.00000          .               .            309.09054     30
     158  r     31 A  EQ        -0.00000        -0.00000          .               .            163.18516     31
     159  r     32 D  BS         0.00000         0.00000          .               .               .          32
     160  r     33 D  BS         0.00000         0.00000          .               .               .          33
     161  r     34 D  BS         0.00000         0.00000          .               .               .          34
     162  r     35 A  EQ         0.00000         0.00000          .               .              0.00006     35
     163  r     36 A  EQ         0.00000         0.00000          .               .             -0.00011     36
     164  r     37 A  EQ        -0.00000        -0.00000          .               .              0.00006     37
     165  r     38 A  EQ         0.00000         0.00000          .               .             -0.00004     38
     166  r     39 A  EQ         0.00000         0.00000          .               .              0.00007     39
     167  r     40 A  EQ        -0.00000        -0.00000          .               .             -0.00004     40
     168  r     41 A  EQ         0.00000         0.00000          .               .             -0.00010     41
     169  r     42 A  EQ         0.00000         0.00000          .               .              0.00020     42
     170  r     43 A  EQ        -0.00000        -0.00000          .               .             -0.00010     43
     171  r     44 A  EQ         0.00000         0.00000          .               .             -0.00047     44
     172  r     45 A  EQ         0.00000         0.00000          .               .              0.00095     45
     173  r     46 A  EQ        -0.00000        -0.00000          .               .             -0.00047     46
     174  r     47 D  BS         0.00000         0.00000          .               .               .          47
     175  r     48 D  BS         0.00000         0.00000          .               .               .          48
     176  r     49 D  BS         0.00000         0.00000          .               .               .          49
     177  r     50 D  BS        -0.00000        -0.00000          .               .               .          50
     178  r     51    EQ         0.00000         0.00000          .               .         5.000000E+09     51
     179  r     52 D  BS        -0.00000        -0.00000          .               .         1.000000E+10     52
     180  r     53 D  BS        -0.00000        -0.00000          .               .               .          53
     181  r     54    EQ         0.00000         0.00000          .               .         5.000000E+09     54
     182  r     55 D  BS        -0.00000        -0.00000          .               .         1.000000E+10     55
     183  r     56 D  BS        -0.00000        -0.00000          .               .               .          56
     184  r     57    EQ         0.00000         0.00000          .               .         5.000000E+09     57
     185  r     58 D  BS        -0.00000        -0.00000          .               .         1.000000E+10     58
     186  r     59 D  BS        -0.00000        -0.00000          .               .               .          59
     187  r     60    EQ         0.00000         0.00000          .               .         5.000000E+09     60
     188  r     61 D  BS        -0.00000        -0.00000          .               .         1.000000E+10     61
     189  r     62 A  EQ         0.00000         0.00000          .               .             -1.0         62
1
 
 Section 2 - Variables

  Number  .Column. State  ...Value......  .Obj Gradient.  ..Lower Limit.  ..Upper Limit.  .Dual Variable    m+j
 
       1  x      1 A  EQ          .               .               .               .              5.70975     63
       2  x      2 A  EQ         0.93600          .              0.93600         0.93600      -411.40761     64
       3  x      3 A  EQ          .               .               .               .           5264.14472     65
       4  x      4 A  EQ        -0.97080          .             -0.97080        -0.97080      -770.59703     66
       5  x      5 A  EQ          .               .               .               .           3065.21549     67
       6  x      6 A  EQ        -0.60000          .             -0.60000        -0.60000      -288.25662     68
       7  x      7 A  EQ         2.17080          .              2.17080         2.17080      -890.64059     69
       8  x      8 A  EQ          .               .               .               .           3028.68261     70
       9  x      9 A  EQ        -0.60000          .             -0.60000        -0.60000      -400.61307     71
      10  x     10 A  EQ        -0.97080          .             -0.97080        -0.97080      -133.74715     72
      11  x     11 A  EQ          .               .               .               .           3533.87242     73
      12  x     12 A  EQ        -0.60000          .             -0.60000        -0.60000        -0.36478     74
      13  x     13 A  EQ         2.17080          .              2.17080         2.17080       -55.18264     75
      14  x     14 A  EQ          .               .               .               .           3574.34591     76
      15  x     15 A  EQ        -0.60000          .             -0.60000        -0.60000       -18.25279     77
      16  x     16 A  EQ          .               .               .               .            135.06776     78
      17  x     17 A  EQ          .               .               .               .            -56.82696     79
      18  x     18 A  EQ          .               .               .               .            -41.63578     80
      19  x     19 A  EQ          .               .               .               .              2.98029     81
      20  x     20 A  EQ          .               .               .               .             15.88796     82
      21  x     21 A  EQ          .               .               .               .             -1.44130     83
      22  x     22 A  EQ          .               .               .               .             -1.73553     84
      23  x     23 A  EQ          .               .               .               .             15.36689     85
      24  x     24 A  EQ          .               .               .               .             -2.00298     86
      25  x     25 A  EQ          .               .               .               .            -11.10292     87
      26  x     26 A  EQ          .               .               .               .             16.81147     88
      27  x     27 A  EQ          .               .               .               .             -0.00172     89
      28  x     28 A  EQ          .               .               .               .            -27.20006     90
      29  x     29 A  EQ          .               .               .               .             15.65972     91
      30  x     30 A  EQ          .               .               .               .             -0.09129     92
      31  x     31    BS         1.16488          .          -1000.00000      1000.00000         0.10610     93
      32  x     32   SBS        -2.32977          .          -1000.00000      1000.00000        -0.21220     94
      33  x     33   SBS         1.16488          .          -1000.00000      1000.00000         0.10610     95
      34  x     34    BS         1.16429          .          -1000.00000      1000.00000         0.04920     96
      35  x     35   SBS        -2.32858          .          -1000.00000      1000.00000        -0.09840     97
      36  x     36   SBS         1.16429          .          -1000.00000      1000.00000         0.04920     98
      37  x     37    BS         1.16451          .          -1000.00000      1000.00000        -0.13258     99
      38  x     38   SBS        -2.32903          .          -1000.00000      1000.00000         0.26516    100
      39  x     39   SBS         1.16451          .          -1000.00000      1000.00000        -0.13258    101
      40  x     40   SBS         1.16214          .          -1000.00000      1000.00000        -0.36052    102
      41  x     41   SBS        -2.32428          .          -1000.00000      1000.00000         0.72103    103
      42  x     42    BS         1.16214          .          -1000.00000      1000.00000        -0.36052    104
      43  x     43    BS          .               .             -0.50000         0.50000        -0.49162    105
      44  x     44    BS         0.93600          .              0.85000         1.20000        -5.70859    106
      45  x     45    BS          .               .             -1.0             1.0            38.05739    107
      46  x     46    BS        -0.97080          .             -2.27000        -0.87000        42.35603    108
      47  x     47    BS          .               .             -0.70000         0.70000        28.29033    109
      48  x     48    BS        -0.60000          .             -0.70000         0.70000         4.11653    110
      49  x     49    BS         2.17080          .              0.87000         2.27000         7.52063    111
      50  x     50    BS          .               .             -0.70000         0.70000         1.89002    112
      51  x     51    BS        -0.60000          .             -0.70000         0.70000        11.00852    113
      52  x     52    BS        -0.97080          .             -2.27000        -0.87000         8.40246    114
      53  x     53    BS          .               .             -0.70000         0.70000        88.87520    115
      54  x     54    BS        -0.60000          .             -0.70000         0.70000         0.40981    116
      55  x     55    BS         2.17080          .              0.87000         2.27000        69.30420    117
      56  x     56    BS          .               .             -0.70000         0.70000       134.15313    118
      57  x     57    BS        -0.60000          .             -0.70000         0.70000         2.01834    119
      58  x     58    BS         0.00000          .             -2.00000         2.00000     -3867.62269    120
      59  x     59    BS         0.00000          .             -2.00000         2.00000      -911.28351    121
      60  x     60    BS         0.00000          .             -2.00000         2.00000      1211.58489    122
      61  x     61    BS         0.00000          .             -2.00000         2.00000        28.28911    123
      62  x     62 A  FR        -0.00001          .             -2.00000         2.00000       -77.76112    124
      63  x     63    BS         0.00000          .             -2.00000         2.00000         4.90027    125
      64  x     64    BS        -0.00005          .             -2.00000         2.00000       -98.15753    126
      65  x     65 A  FR         0.00011          .             -2.00000         2.00000      -220.97949    127
      66  x     66    BS        -0.00005          .             -2.00000         2.00000       -20.02629    128
      67  x     67    BS        -0.00003          .             -2.00000         2.00000       190.06562    129
      68  x     68 A  FR         0.00006          .             -2.00000         2.00000       231.05011    130
      69  x     69    BS        -0.00003          .             -2.00000         2.00000        39.91238    131
      70  x     70    BS        -0.00027          .             -2.00000         2.00000       418.90642    132
      71  x     71 A  FR         0.00053          .             -2.00000         2.00000       268.58514    133
      72  x     72    BS        -0.00027          .             -2.00000         2.00000        80.69649    134
      73  x     73   SBS         1.16175          .          -1000.00000      1000.00000         2.04247    135
      74  x     74    BS        -2.32888          .          -1000.00000      1000.00000        -0.58532    136
      75  x     75   SBS         1.16924          .          -1000.00000      1000.00000        -0.37273    137
      76  x     76    BS         1.16305          .          -1000.00000      1000.00000         3.56091    138
      77  x     77   SBS        -2.32998          .          -1000.00000      1000.00000        -1.66225    139
      78  x     78   SBS         1.16929          .          -1000.00000      1000.00000        -2.58784    140
      79  x     79   SBS         1.16687          .          -1000.00000      1000.00000        -1.43842    141
      80  x     80    BS        -2.32886          .          -1000.00000      1000.00000         0.43491    142
      81  x     81   SBS         1.16637          .          -1000.00000      1000.00000        -1.82530    143
      82  x     82   SBS         1.16423          .          -1000.00000      1000.00000         1.71483    144
      83  x     83    BS        -2.33331          .          -1000.00000      1000.00000         0.99954    145
      84  x     84   SBS         1.17436          .          -1000.00000      1000.00000        -4.93055    146
      85  x     85 A  EQ          .               .               .               .               .         147
      86  x     86 A  EQ         0.93600          .              0.93600         0.93600          .         148
      87  x     87 A  EQ          .               .               .               .               .         149
      88  x     88    BS        -0.97080          .            -10.00000        10.00000         0.00006    150
      89  x     89    BS        -0.00000          .            -10.00000        10.00000        -0.00011    151
      90  x     90    BS        -0.60000          .            -10.00000        10.00000         0.00006    152
      91  x     91    BS         2.17080          .            -10.00000        10.00000        -0.00004    153
      92  x     92    BS         0.00000          .            -10.00000        10.00000         0.00007    154
      93  x     93    BS        -0.60000          .            -10.00000        10.00000        -0.00004    155
      94  x     94    BS        -0.97080          .            -10.00000        10.00000        -0.00010    156
      95  x     95    BS         0.00000          .            -10.00000        10.00000         0.00020    157
      96  x     96    BS        -0.60000          .            -10.00000        10.00000        -0.00010    158
      97  x     97    BS         2.17080          .            -10.00000        10.00000        -0.00047    159
      98  x     98    BS         0.00000          .            -10.00000        10.00000         0.00095    160
      99  x     99    BS        -0.60000          .            -10.00000        10.00000        -0.00047    161
     100  x    100 A  EQ          .               .               .               .               .         162
     101  x    101 A  EQ          .               .               .               .               .         163
     102  x    102 A  EQ          .               .               .               .               .         164
     103  x    103 A  EQ          .               .               .               .               .         165
     104  x    104    EQ          .               .               .               .         5.000000E+09    166
     105  x    105    EQ          .               .               .               .         1.000000E+10    167
     106  x    106 A  EQ          .               .               .               .               .         168
     107  x    107    EQ          .               .               .               .         5.000000E+09    169
     108  x    108    EQ          .               .               .               .         1.000000E+10    170
     109  x    109 A  EQ          .               .               .               .               .         171
     110  x    110    EQ          .               .               .               .         5.000000E+09    172
     111  x    111    EQ          .               .               .               .         1.000000E+10    173
     112  x    112 A  EQ          .               .               .               .               .         174
     113  x    113    EQ          .               .               .               .         5.000000E+09    175
     114  x    114    EQ          .               .               .               .         1.000000E+10    176
     115  x    115 A  FR         6.08309          .          -1000.00000      1000.00000          .         177
     116  x    116 A  FR         0.81524          .          -1000.00000      1000.00000          .         178
     117  x    117 A  FR         2.53641          .          -1000.00000      1000.00000          .         179
     118  x    118 A  FR         5.83535          .          -1000.00000      1000.00000          .         180
     119  x    119 A  FR         0.72159          .          -1000.00000      1000.00000          .         181
     120  x    120 A  FR         2.59685          .          -1000.00000      1000.00000          .         182
     121  x    121 A  FR         5.50487          .          -1000.00000      1000.00000          .         183
     122  x    122 A  FR         0.54710          .          -1000.00000      1000.00000          .         184
     123  x    123 A  FR         2.57836          .          -1000.00000      1000.00000          .         185
     124  x    124 A  FR         5.75261          .          -1000.00000      1000.00000          .         186
     125  x    125 A  FR         0.64075          .          -1000.00000      1000.00000          .         187
     126  x    126 A  FR         2.51792          .          -1000.00000      1000.00000          .         188
     127  x    127    BS         0.32564         1.0               None            None           .         189
 
 Time for MPS input                             0.00 seconds
 Time for solving problem                     175.62 seconds
 Time for solution output                       0.05 seconds
 Time for constraint functions                188.51 seconds
 Time for objective function                    0.00 seconds
