
=======================================
          Commercial License
         Artelys Knitro 12.2.0
=======================================

Knitro presolve eliminated 0 variables and 0 constraints.

bar_feasible:            3
cg_maxit:               50
derivcheck_tol:          0.0001
feastol:                 0.0001
feastol_abs:             0.0001
initpenalty              1
maxit:                   100
opttol:                  0.0001
outlev:                  3
outmode:                 2
par_concurrent_evals:    0
Knitro changing algorithm from AUTO to 1.
Knitro changing bar_initpt from AUTO to 3.
Knitro changing bar_murule from AUTO to 4.
Knitro changing bar_penaltycons from AUTO to 2.
Knitro changing bar_penaltyrule from AUTO to 2.
Knitro changing bar_switchrule from AUTO to 0.
Knitro changing linesearch from AUTO to 1.
Knitro changing linsolver from AUTO to 5.

Problem Characteristics                                 (   Presolved)
-----------------------
Objective goal:  Minimize
Objective type:  general
Number of variables:                               7602 (        7602)
    bounded below only:                               0 (           0)
    bounded above only:                               0 (           0)
    bounded below and above:                       7602 (        7602)
    fixed:                                            0 (           0)
    free:                                             0 (           0)
Number of constraints:                             6848 (       13696)
    linear equalities:                                0 (           0)
    quadratic equalities:                             0 (           0)
    gen. nonlinear equalities:                        0 (           0)
    linear one-sided inequalities:                    0 (           0)
    quadratic one-sided inequalities:                 0 (           0)
    gen. nonlinear one-sided inequalities:            0 (       13696)
    linear two-sided inequalities:                    0 (           0)
    quadratic two-sided inequalities:                 0 (           0)
    gen. nonlinear two-sided inequalities:         6848 (           0)
Number of nonzeros in Jacobian:                  239440 (      478880)
Number of nonzeros in Hessian:                        0 (           0)

  Iter      Objective      FeasError   OptError    ||Step||    CGits 
--------  --------------  ----------  ----------  ----------  -------
       0    2.231367e+01   0.000e+00
Starting feasible mode...
       1    6.805487e+00   0.000e+00   3.577e+00   1.322e+00        0
       2    3.026629e+00   0.000e+00   2.164e+00   1.536e+00        0
       3    2.514835e+00   0.000e+00   1.963e+00   1.309e+00        0
       4    2.280179e+00   0.000e+00   2.070e+00   1.273e+00        0
       5    5.324105e+00   0.000e+00   6.121e+00   3.804e+00        0
       6    4.567658e+00   0.000e+00   6.209e+00   1.437e+00        0
       7    4.503608e+00   0.000e+00   1.136e+00   7.262e-01        2
       8    3.472599e+00   0.000e+00   8.930e+00   1.304e+00        0
       9    3.437778e+00   0.000e+00   7.332e-01   4.783e-01        3
      10    3.720477e+00   0.000e+00   6.489e-01   7.434e-01        3
      11    3.104325e+00   0.000e+00   2.059e+00   1.390e+00        0
      12    3.175935e+00   0.000e+00   7.495e-01   4.669e-01        2
      13    2.008311e+00   0.000e+00   1.278e+00   2.387e+00        0
      14    1.457923e+00   0.000e+00   1.697e+00   6.530e-01        0
      15    1.199120e+00   0.000e+00   3.240e-01   4.153e-02        3
      16    1.042391e+00   0.000e+00   3.293e-01   2.886e-02        4
      17    8.433191e-01   0.000e+00   4.498e-01   2.711e-01        0
      18    5.772942e-01   0.000e+00   5.195e-01   6.936e-01        0
      19    3.400334e-01   0.000e+00   3.274e-01   3.449e-01        0
      20    2.596677e-01   0.000e+00   2.672e-01   4.081e-02        0
      21    8.393434e-02   0.000e+00   2.880e-01   6.390e-01        0
      22    2.412489e-01   0.000e+00   2.409e-01   2.709e-01        0
      23    8.889054e-02   0.000e+00   1.380e-01   1.379e-01        0
      24    6.894634e-02   0.000e+00   1.302e-01   3.271e-02        0
      25    4.082660e-02   0.000e+00   9.176e-02   4.912e-02        0
      26    3.240790e-02   0.000e+00   5.799e-02   1.968e-02      119
      27    2.606243e-02   0.000e+00   4.467e-02   2.824e-02        0
      28    2.461325e-02   0.000e+00   6.439e-02   2.313e-01        0
      29    2.320291e-02   0.000e+00   7.430e-02   1.818e-01        0
      30    1.590652e-02   0.000e+00   5.560e-02   3.385e-02        0
      31    8.304709e-03   0.000e+00   3.931e-02   2.819e-02        0
      32    4.548276e-03   0.000e+00   2.187e-02   7.486e-02        0
      33    5.751700e-03   0.000e+00   2.861e-02   3.552e-02        0
      34    2.137870e-03   0.000e+00   4.255e-03   4.194e-02        0
      35    2.057506e-03   0.000e+00   5.838e-03   1.188e-02        0
      36    1.498976e-03   0.000e+00   3.678e-03   1.157e-02        0
      37    1.423113e-03   0.000e+00   1.296e-02   3.054e-02        0
      38    1.252578e-03   0.000e+00   1.169e-02   4.378e-02        0
      39    9.158362e-04   0.000e+00   1.033e-02   2.812e-02        0
      40    6.580918e-04   0.000e+00   6.513e-03   1.033e-02        0
      41    3.728822e-04   0.000e+00   2.962e-03   1.837e-02        0
      42    3.638468e-04   0.000e+00   4.582e-03   4.722e-03        0
      43    2.730818e-04   0.000e+00   6.766e-04   6.932e-03        0
      44    2.732493e-04   0.000e+00   2.047e-03   6.649e-03        0
      45    1.739692e-04   0.000e+00   1.965e-03   1.307e-02        0
      46    1.508755e-04   0.000e+00   1.445e-03   4.369e-03        0
      47    1.579580e-04   0.000e+00   2.119e-03   4.734e-03        0
      48    1.287531e-04   0.000e+00   1.699e-03   3.012e-03        0
      49    1.171193e-04   0.000e+00   7.802e-04   1.671e-03        0
      50    1.108242e-04   0.000e+00   2.769e-04   1.403e-03        0
      51    1.093826e-04   0.000e+00   1.214e-03   4.121e-03        0
      52    9.943229e-05   0.000e+00   1.056e-03   5.194e-03        0
      53    9.205435e-05   0.000e+00   1.694e-03   2.474e-03        0
      54    8.972548e-05   0.000e+00   9.918e-04   1.991e-03        0
      55    8.103574e-05   0.000e+00   5.256e-04   1.535e-03        0
      56    7.813484e-05   0.000e+00   4.032e-04   1.370e-03        0
      57    7.508120e-05   0.000e+00   5.417e-04   2.986e-03        0
      58    7.367164e-05   0.000e+00   8.147e-04   4.939e-03        0
      59    7.136595e-05   0.000e+00   8.592e-04   4.251e-03        0
      60    7.025998e-05   0.000e+00   9.560e-04   4.207e-03        0
      61    6.911880e-05   0.000e+00   1.312e-03   2.891e-03        0
      62    6.507650e-05   0.000e+00   1.345e-03   3.470e-03        0
      63    6.297921e-05   0.000e+00   9.603e-04   2.802e-03        0
      64    5.688162e-05   0.000e+00   6.142e-04   2.929e-03        0
      65    5.397413e-05   0.000e+00   5.535e-04   9.570e-04        0
      66    5.185481e-05   0.000e+00   2.778e-04   9.565e-04        0
      67    5.140784e-05   0.000e+00   3.342e-04   9.186e-04        0
      68    4.914621e-05   0.000e+00   3.088e-04   1.753e-03        0
      69    4.902256e-05   0.000e+00   6.274e-04   4.033e-03        0
      70    4.948245e-05   0.000e+00   9.347e-04   2.162e-03        0
      71    4.537795e-05   0.000e+00   8.929e-04   2.946e-03        0
      72    4.301864e-05   0.000e+00   9.892e-04   1.932e-03        0
      73    4.131478e-05   0.000e+00   3.656e-04   1.144e-03        0
      74    4.184444e-05   0.000e+00   7.531e-04   2.233e-03        0
      75    3.989197e-05   0.000e+00   3.575e-04   1.862e-03        0
      76    3.851314e-05   0.000e+00   3.904e-04   9.710e-04        0
      77    3.849419e-05   0.000e+00   5.898e-04   1.626e-03        0
      78    3.707770e-05   0.000e+00   3.105e-04   9.256e-04        0
      79    3.608588e-05   0.000e+00   2.849e-04   1.078e-03        0
      80    3.544011e-05   0.000e+00   3.276e-04   1.592e-03        0
      81    3.530772e-05   0.000e+00   3.461e-04   1.797e-03        0
      82    3.453510e-05   0.000e+00   4.505e-04   1.992e-03        0
      83    3.377439e-05   0.000e+00   4.797e-04   5.064e-03        0
      84    3.238467e-05   0.000e+00   4.238e-04   4.683e-04      128
      85    3.126340e-05   0.000e+00   3.890e-04   1.263e-03        0
      86    3.150354e-05   0.000e+00   3.908e-04   2.632e-03        0
      87    3.088000e-05   0.000e+00   3.576e-04   9.955e-04        0
      88    3.008787e-05   0.000e+00   4.010e-04   1.126e-03        0
      89    2.915794e-05   0.000e+00   2.705e-04   7.717e-04        0
      90    2.874594e-05   0.000e+00   2.368e-04   9.604e-04        0
      91    2.842140e-05   0.000e+00   2.908e-04   1.228e-03        0
      92    2.796891e-05   0.000e+00   4.071e-04   7.643e-04        0
      93    2.789614e-05   0.000e+00   4.790e-04   1.238e-03        0
      94    2.702892e-05   0.000e+00   2.176e-04   1.473e-03        0
      95    2.697322e-05   0.000e+00   4.085e-04   2.183e-03        0
      96    2.697945e-05   0.000e+00   5.451e-04   1.310e-03        0
      97    2.575250e-05   0.000e+00   4.153e-04   9.462e-04        0
      98    2.524421e-05   0.000e+00   3.448e-04   1.300e-03        0
      99    2.459384e-05   0.000e+00   2.585e-04   1.012e-03        0
     100    2.404557e-05   0.000e+00   1.868e-04   1.091e-03        0

EXIT: Iteration limit reached. Current point is feasible.

Final Statistics
----------------
Final objective value               =   2.40455656985915e-05
Final feasibility error (abs / rel) =   0.00e+00 / 0.00e+00
Final optimality error  (abs / rel) =   1.87e-04 / 1.87e-04
# of iterations                     =        100 
# of CG iterations                  =        264 
# of function evaluations           =        316
# of gradient evaluations           =        101
Total program time (secs)           =     278.37177 (   755.736 CPU time)
Time spent in evaluations (secs)    =     248.10881

===============================================================================

