
=======================================
          Commercial License
         Artelys Knitro 12.2.0
=======================================

Knitro presolve eliminated 0 variables and 0 constraints.

cg_maxit:               50
derivcheck_tol:          0.0001
feastol:                 0.0001
feastol_abs:             0.0001
initpenalty              1
maxit:                   100
opttol:                  0.0001
outlev:                  3
outmode:                 2
par_concurrent_evals:    0
Knitro changing algorithm from AUTO to 1.
Knitro changing bar_initpt from AUTO to 3.
Knitro changing bar_murule from AUTO to 4.
Knitro changing bar_penaltycons from AUTO to 0.
Knitro changing bar_penaltyrule from AUTO to 2.
Knitro changing bar_switchrule from AUTO to 2.
Knitro changing linesearch from AUTO to 1.
Knitro changing linsolver from AUTO to 5.

Problem Characteristics                                 (   Presolved)
-----------------------
Objective goal:  Minimize
Objective type:  general
Number of variables:                               7602 (        7602)
    bounded below only:                               0 (           0)
    bounded above only:                               0 (           0)
    bounded below and above:                       7602 (        7602)
    fixed:                                            0 (           0)
    free:                                             0 (           0)
Number of constraints:                             6848 (       13696)
    linear equalities:                                0 (           0)
    quadratic equalities:                             0 (           0)
    gen. nonlinear equalities:                        0 (           0)
    linear one-sided inequalities:                    0 (           0)
    quadratic one-sided inequalities:                 0 (           0)
    gen. nonlinear one-sided inequalities:            0 (       13696)
    linear two-sided inequalities:                    0 (           0)
    quadratic two-sided inequalities:                 0 (           0)
    gen. nonlinear two-sided inequalities:         6848 (           0)
Number of nonzeros in Jacobian:                  239440 (      478880)
Number of nonzeros in Hessian:                        0 (           0)

  Iter      Objective      FeasError   OptError    ||Step||    CGits 
--------  --------------  ----------  ----------  ----------  -------
       0    2.231367e+01   4.414e-02
       1    8.353615e+00   7.923e+00   7.157e+01   5.087e+00        0
       2    2.876313e+02   6.693e+00   3.092e+02   2.432e+01        0
       3    2.955507e+02   7.331e+00   3.481e+02   2.685e+01        0
       4    5.767112e+02   7.495e+00   1.939e+13   2.072e+01        0
       5    7.712910e+02   1.018e+01   2.635e+07   2.283e+01        0
       6    8.082112e+02   2.244e+01   7.085e+02   1.049e+02        0
       7    8.262598e+02   1.229e+01   8.977e+08   1.811e+02        0
       8    1.092657e+03   1.716e+01   8.692e+09   1.366e+02        0
       9    1.236649e+03   1.844e+01   7.002e+03   1.104e+02        0
      10    1.196526e+03   2.925e+01   3.174e+07   1.581e+02        0
      11    1.412690e+03   3.611e+01   6.616e+15   1.561e+02        0
      12    1.301323e+03   3.575e+01   1.457e+15   9.352e+01        0
      13    1.302489e+03   3.575e+01   1.438e+15   2.508e-01        0
      14    1.302489e+03   3.575e+01   1.412e+15   2.373e-06        0
      15    1.305005e+03   3.554e+01   1.429e+15   4.307e-01        0
      16    1.304286e+03   3.552e+01   1.421e+15   1.812e-01        0
      17    1.300200e+03   3.538e+01   1.147e+05   6.582e+00        0
      18    1.392207e+03   2.396e+01   3.693e+08   1.603e+02        0
      19    1.402906e+03   2.386e+01   3.448e+07   3.763e+00        0
      20    1.552358e+03   2.238e+01   2.602e+19   6.538e+01        0
      21    1.520021e+03   2.262e+01   3.467e+23   1.047e+02        0
      22    1.520021e+03   2.262e+01   1.986e+18   2.029e-11       50
      23    1.566377e+03   2.254e+01   8.229e+03   6.904e+01        0
      24    1.723871e+03   2.180e+01   1.415e+08   8.382e+01        0
      25    1.770806e+03   2.180e+01   1.498e+05   1.252e+02        0
      26    1.932710e+03   2.145e+01   6.715e+03   1.447e+02        0
      27    1.944004e+03   2.121e+01   2.361e+17   1.110e+02        0
      28    1.952342e+03   2.122e+01   8.841e+03   5.607e+00        0
      29    1.951082e+03   2.122e+01   8.299e+06   1.419e+00        0
      30    1.947270e+03   2.095e+01   1.548e+04   3.860e+01        0
      31    2.056790e+03   2.053e+01   9.568e+07   1.013e+02        0
      32    2.091901e+03   2.067e+01   9.241e+10   6.003e+01        0
      33    2.091901e+03   2.067e+01   6.261e+09   1.688e-14        0
      34    2.095014e+03   2.066e+01   1.441e+05   4.115e+00        0
      35    2.120677e+03   2.063e+01   4.618e+04   1.477e+01        0
      36    2.172804e+03   2.021e+01   4.609e+04   3.274e+01        0
      37    2.172974e+03   1.750e+01   3.256e+19   1.194e+02        0
      38    2.174798e+03   1.758e+01   2.001e+11   2.525e+00        0
      39    2.179775e+03   1.753e+01   3.064e+08   2.562e+00        0
      40    2.201687e+03   1.703e+01   8.791e+08   8.635e+01        0
      41    2.246833e+03   1.684e+01   5.025e+11   3.970e+01        0
      42    2.247639e+03   1.687e+01   4.973e+11   4.096e-01        0
      43    2.245365e+03   1.688e+01   4.318e+08   1.990e+00        0
      44    2.265216e+03   1.741e+01   1.785e+08   9.673e+01        0
      45    2.336390e+03   1.676e+01   1.553e+13   6.509e+01        0
      46    2.336390e+03   1.676e+01   8.288e+10   2.385e-11        2
      47    2.341828e+03   1.673e+01   1.189e+05   4.156e+00        0
      48    2.426605e+03   1.597e+01   1.045e+05   7.412e+01        0
      49    2.503067e+03   1.558e+01   6.077e+04   1.404e+02        0
      50    2.796135e+03   1.481e+01   4.781e+04   2.256e+02        0
      51    2.835302e+03   1.454e+01   4.838e+04   1.078e+02        0
      52    2.834924e+03   1.453e+01   4.921e+04   6.612e+01        0
      53    2.862819e+03   1.430e+01   7.990e+13   2.243e+02        0
      54    2.864016e+03   1.429e+01   2.925e+05   1.215e+00        0
      55    2.917413e+03   1.415e+01   5.472e+06   8.621e+01        0
      56    2.904961e+03   1.409e+01   6.133e+04   4.962e+01        0
      57    2.917590e+03   1.410e+01   5.877e+04   7.691e+01        0
      58    2.935660e+03   1.471e+01   4.803e+04   1.158e+02        0
      59    3.031049e+03   1.591e+01   8.016e+06   6.301e+01        0
      60    3.238710e+03   1.741e+01   4.761e+04   7.328e+01        0
      61    3.359039e+03   1.802e+01   9.385e+12   9.167e+01        0
      62    3.383236e+03   1.798e+01   1.322e+11   1.209e+02        0
      63    3.378172e+03   1.800e+01   6.961e+04   5.897e+01        0
      64    3.575232e+03   1.752e+01   7.578e+04   6.884e+01        0
      65    3.889272e+03   1.721e+01   1.825e+04   9.283e+01        0
      66    4.206115e+03   1.668e+01   8.942e+12   1.029e+02        0
      67    4.221476e+03   1.741e+01   3.270e+24   6.201e+01        0
      68    4.221476e+03   1.741e+01   9.916e+17   0.000e+00        0
      69    4.221476e+03   1.741e+01   8.688e+16   0.000e+00        0
      70    4.221915e+03   1.741e+01   1.437e+25   2.590e-01        5
      71    4.221915e+03   1.741e+01   1.437e+25   4.382e-08        0
      72    4.221915e+03   1.741e+01   2.212e+25   2.269e-04        0
      73    4.221915e+03   1.741e+01   2.212e+25   9.484e-06        0
      74    4.221915e+03   1.741e+01   2.212e+25   0.000e+00        3
      75    4.221915e+03   1.741e+01   2.212e+25   0.000e+00        1

EXIT: Current infeasible solution estimate cannot be improved. Problem may
      be locally infeasible. If problem is believed to be feasible, try
      multistart to search for feasible points.

Final Statistics
----------------
Final objective value               =   4.22191498345900e+03
Final feasibility error (abs / rel) =   1.74e+01 / 1.74e+01
Final optimality error  (abs / rel) =   1.84e+12 / 5.42e+09
# of iterations                     =         75 
# of CG iterations                  =         78 
# of function evaluations           =        125
# of gradient evaluations           =         74
Total program time (secs)           =     347.04187 (   929.387 CPU time)
Time spent in evaluations (secs)    =     326.93024

===============================================================================

