WARNING: 2 finite variable bounds are >= bndrange in magnitude.
         These bounds will be treated as infinite in Knitro.
         To impose as finite bounds, increase bndrange user option.
WARNING: 2 finite constraint bounds are >= bndrange in magnitude.
         These bounds will be treated as infinite in Knitro.
         To impose as finite bounds, increase bndrange user option.

=======================================
          Commercial License
         Artelys Knitro 12.2.0
=======================================

Knitro presolve eliminated 0 variables and 1 constraint.

algorithm:               2
bar_feasible:            3
cg_maxit:               50
feastol_abs:             0.0001
maxit:                   200
opttol:                  0.0001
outlev:                  3
outmode:                 2
par_concurrent_evals:    0
Knitro changing bar_initpt from AUTO to 3.
Knitro changing bar_murule from AUTO to 1.
Knitro changing bar_penaltycons from AUTO to 2.
Knitro changing bar_penaltyrule from AUTO to 2.
Knitro changing bar_switchrule from AUTO to 0.
Knitro changing linesearch from AUTO to 1.
Knitro changing linsolver from AUTO to 4.

Problem Characteristics                                 (   Presolved)
-----------------------
Objective goal:  Minimize
Objective type:  general
Number of variables:                               7603 (        7603)
    bounded below only:                               0 (           0)
    bounded above only:                               0 (           0)
    bounded below and above:                       7602 (        7602)
    fixed:                                            0 (           0)
    free:                                             1 (           1)
Number of constraints:                             6880 (        8357)
    linear equalities:                                0 (           0)
    quadratic equalities:                             0 (           0)
    gen. nonlinear equalities:                     5401 (        5401)
    linear one-sided inequalities:                    0 (           0)
    quadratic one-sided inequalities:                 0 (           0)
    gen. nonlinear one-sided inequalities:            1 (        2956)
    linear two-sided inequalities:                    0 (           0)
    quadratic two-sided inequalities:                 0 (           0)
    gen. nonlinear two-sided inequalities:         1478 (           0)
Number of nonzeros in Jacobian:                  243790 (      251031)
Number of nonzeros in Hessian:                        0 (           0)

  Iter      Objective      FeasError   OptError    ||Step||    CGits 
--------  --------------  ----------  ----------  ----------  -------
       0    9.048957e-01   9.049e-01
       1    6.177418e-01   7.797e+00   3.113e+05   1.021e+01        1
       2    5.911222e-01   8.984e+01   3.072e+05   7.620e+00       29
       3    5.857776e-01   7.391e+01   6.754e+05   7.171e+00       43
       4    5.939586e-01   1.184e+02   8.924e+05   1.226e+01       28
       5    6.160501e-01   1.624e+02   9.952e+05   2.485e+01        4
       6    6.917840e-01   4.627e+02   1.008e+06   3.823e+01        3
       7    6.917338e-01   4.552e+02   1.038e+06   5.447e+01        4
       8    6.525550e-01   1.813e+03   1.014e+06   6.606e+01        4
       9    6.411427e-01   1.011e+03   1.016e+06   3.127e+01        8
      10    5.999254e-01   1.179e+03   1.451e+06   3.082e+01       14
      11    5.994840e-01   5.790e+02   1.002e+06   1.068e+01       16
      12    5.966656e-01   5.784e+02   1.001e+06   1.521e+00       56
      13    6.129049e-01   3.236e+02   1.001e+06   2.174e+00        2
      14    6.086066e-01   3.234e+02   9.991e+05   1.527e+00        5
      15    6.099596e-01   1.369e+02   1.138e+06   1.018e+01        4
      16    6.103267e-01   1.377e+02   1.307e+06   4.092e+00       46
      17    6.786215e-01   5.200e+01   1.434e+06   8.786e+00        9
      18    7.375916e-01   5.247e+01   1.345e+06   4.627e+00       39
      19    7.927049e-01   4.917e+01   2.307e+06   4.029e+00       50
      20    8.216064e-01   4.907e+01   2.189e+06   1.859e+00       50
      21    8.462105e-01   4.789e+01   2.537e+06   1.555e+00       50
      22    8.577492e-01   4.799e+01   1.936e+06   2.572e+00       50
      23    9.332653e-01   2.619e+01   3.197e+06   4.864e+00       50
      24    9.603411e-01   2.619e+01   3.650e+06   1.248e+00       50
      25    9.865260e-01   2.620e+01   1.976e+06   1.216e+00       50
      26    1.018300e+00   2.625e+01   1.452e+06   1.316e+00       50
      27    1.055835e+00   2.625e+01   1.446e+06   1.076e+00       50
      28    1.104578e+00   2.628e+01   5.113e+06   1.291e+00       50
      29    1.141450e+00   2.625e+01   2.220e+06   9.220e-01       50
      30    1.175286e+00   2.623e+01   2.250e+06   7.920e-01       47
      31    1.224487e+00   2.627e+01   2.388e+06   1.399e+00       50
      32    1.268717e+00   2.627e+01   2.623e+06   9.850e-01       50
      33    1.356503e+00   2.629e+01   3.159e+06   1.785e+00       50
      34    1.551264e+00   2.655e+01   4.049e+06   2.999e+00       50
      35    1.842865e+00   2.696e+01   3.279e+06   3.334e+00       50
      36    2.340765e+00   2.827e+01   1.245e+06   4.537e+00       50
      37    2.859547e+00   2.871e+01   5.292e+06   3.976e+00       50
      38    3.506027e+00   2.938e+01   4.663e+06   4.793e+00       50
      39    4.895006e+00   3.226e+01   3.386e+06   8.564e+00       50
      40    6.696474e+00   3.464e+01   5.999e+06   9.711e+00       50
      41    7.333147e+00   3.423e+01   5.595e+06   3.085e+00       50
      42    8.974412e+00   3.801e+01   3.412e+06   8.005e+00       41
      43    9.643827e+00   3.038e+01   1.017e+07   3.124e+00       50
      44    1.023905e+01   3.053e+01   1.088e+07   2.699e+00       50
      45    1.146073e+01   3.134e+01   9.606e+06   5.349e+00       39
      46    1.226988e+01   3.171e+01   1.366e+07   3.861e+00       50
      47    1.266320e+01   3.074e+01   1.386e+07   1.769e+00       50
      48    1.336608e+01   3.092e+01   1.400e+07   2.930e+00       37
      49    1.554271e+01   3.278e+01   1.325e+07   9.165e+00       46
      50    1.619185e+01   3.279e+01   1.284e+07   2.754e+00       50
      51    1.783534e+01   2.444e+01   7.853e+06   6.091e+00       50
      52    1.879732e+01   2.449e+01   2.109e+06   3.469e+00       39
      53    1.961164e+01   1.945e+01   5.334e+06   3.052e+00       50
      54    2.005551e+01   1.942e+01   6.769e+06   1.619e+00       24
      55    2.087196e+01   1.602e+01   2.113e+07   2.980e+00       24
      56    2.194699e+01   1.611e+01   1.410e+07   3.702e+00       35
      57    2.439565e+01   1.336e+01   1.548e+07   7.796e+00       47
      58    2.717674e+01   1.476e+01   8.484e+06   9.290e+00       50
      59    2.806986e+01   1.483e+01   6.809e+06   3.166e+00       50
      60    2.901555e+01   1.500e+01   6.138e+06   3.407e+00       42
      61    2.956146e+01   9.673e+00   3.202e+06   1.968e+00       48
      62    3.104240e+01   1.000e+01   2.744e+06   5.389e+00       49
      63    3.169563e+01   9.230e+00   3.535e+06   3.541e+00       50
      64    3.209462e+01   9.274e+00   6.281e+06   2.701e+00       50
      65    3.221915e+01   9.214e+00   6.195e+06   1.837e+00       50
      66    3.230835e+01   9.281e+00   6.056e+06   2.134e+00       50
      67    3.244161e+01   1.011e+01   4.464e+06   4.902e+00       50
      68    3.263262e+01   9.754e+00   3.894e+06   3.879e+00       18
      69    3.290836e+01   1.048e+01   2.791e+06   4.147e+00       40
      70    3.312920e+01   1.058e+01   4.603e+06   2.229e+00       17
      71    3.379279e+01   1.144e+01   4.575e+06   4.099e+00       50
      72    3.398989e+01   9.397e+00   4.960e+06   9.578e-01       50
      73    3.460617e+01   9.594e+00   5.487e+06   3.185e+00       50
      74    3.576205e+01   1.041e+01   5.156e+06   7.996e+00       50
      75    3.660254e+01   1.099e+01   3.757e+06   7.808e+00       50
      76    3.720238e+01   1.103e+01   2.329e+06   5.337e+00       50
      77    3.800205e+01   1.219e+01   4.007e+06   7.292e+00       50
      78    3.882354e+01   1.335e+01   4.995e+06   6.480e+00       50
      79    3.979013e+01   1.483e+01   4.694e+06   6.735e+00       50
      80    4.085351e+01   1.551e+01   5.725e+06   6.500e+00       50
      81    4.228433e+01   1.830e+01   6.079e+06   8.268e+00       50
      82    4.377009e+01   2.037e+01   6.917e+06   9.204e+00       50
      83    4.450924e+01   2.098e+01   5.288e+06   5.433e+00       50
      84    4.489667e+01   2.026e+01   3.940e+06   2.851e+00       50
      85    4.513839e+01   2.026e+01   3.794e+06   1.795e+00       46
      86    4.545525e+01   2.053e+01   1.006e+07   2.421e+00       19
      87    4.612591e+01   2.310e+01   1.362e+07   5.235e+00       54
      88    4.651402e+01   2.318e+01   1.128e+07   2.728e+00       34
      89    4.686922e+01   2.355e+01   7.157e+06   2.338e+00       23
      90    4.705207e+01   2.363e+01   6.244e+06   1.164e+00        6
      91    4.724171e+01   2.373e+01   4.858e+06   1.181e+00        4
      92    4.744073e+01   2.373e+01   8.072e+06   1.200e+00        2
      93    4.765066e+01   2.383e+01   6.657e+06   1.196e+00        4
      94    4.786654e+01   2.194e+01   4.566e+06   1.210e+00        2
      95    4.805696e+01   2.203e+01   4.556e+06   1.043e+00        9
      96    4.825454e+01   2.209e+01   5.248e+06   1.043e+00        4
      97    4.845828e+01   2.218e+01   5.308e+06   1.051e+00        2
      98    4.863747e+01   1.717e+01   4.094e+06   9.850e-01        3
      99    4.873178e+01   1.718e+01   4.025e+06   4.624e-01        5
     100    4.881243e+01   1.561e+01   3.553e+06   4.267e-01        2
     101    4.889597e+01   1.562e+01   4.028e+06   4.052e-01        8
     102    4.897184e+01   1.464e+01   2.832e+06   3.902e-01        2
     103    4.897413e+01   1.464e+01   2.833e+06   1.120e-02       16
     104    4.897582e+01   1.461e+01   2.574e+06   1.037e-02        1
     105    4.897811e+01   1.461e+01   2.523e+06   1.122e-02        7
     106    4.898002e+01   1.458e+01   2.524e+06   1.038e-02        1
     107    4.898089e+01   1.458e+01   2.521e+06   5.580e-03        3
     108    4.898137e+01   1.457e+01   2.512e+06   5.159e-03        1
     109    4.898279e+01   1.457e+01   2.506e+06   1.124e-02        1
     110    4.898366e+01   1.454e+01   2.544e+06   1.035e-02        1
     111    4.898697e+01   1.454e+01   2.557e+06   2.244e-02        5
     112    4.898945e+01   1.448e+01   2.711e+06   2.122e-02        2
     113    4.899603e+01   1.448e+01   2.810e+06   4.457e-02        8
     114    4.900114e+01   1.437e+01   2.780e+06   4.186e-02        2
     115    4.900795e+01   1.437e+01   3.028e+06   4.476e-02       15
     116    4.901474e+01   1.431e+01   3.010e+06   4.401e-02        4
     117    4.902738e+01   1.431e+01   3.021e+06   8.963e-02       11
     118    4.903625e+01   1.408e+01   2.929e+06   8.507e-02        6
     119    4.905880e+01   1.408e+01   3.006e+06   1.785e-01       10
     120    4.908329e+01   1.408e+01   2.956e+06   1.802e-01        7
     121    4.910810e+01   1.408e+01   2.960e+06   1.819e-01        4
     122    4.912829e+01   1.364e+01   2.752e+06   1.707e-01        3
     123    4.917571e+01   1.364e+01   3.104e+06   3.617e-01        5
     124    4.926813e+01   1.367e+01   3.094e+06   7.196e-01        5
     125    4.936458e+01   1.369e+01   3.105e+06   7.218e-01        4
     126    4.944291e+01   1.200e+01   2.579e+06   6.690e-01        3
     127    4.982642e+01   1.242e+01   2.783e+06   2.524e+00        4
     128    5.022219e+01   1.238e+01   2.988e+06   2.496e+00        2
     129    5.071001e+01   1.292e+01   3.389e+06   2.987e+00       13
     130    5.162467e+01   1.380e+01   4.115e+06   5.588e+00       24
     131    5.270096e+01   1.521e+01   2.919e+06   6.905e+00       50
     132    5.334054e+01   1.496e+01   2.698e+06   4.616e+00       52
     133    5.395845e+01   1.538e+01   2.674e+06   4.378e+00       53
     134    5.456620e+01   1.582e+01   4.235e+06   4.352e+00        3
     135    5.471152e+01   1.584e+01   4.098e+06   1.108e+00        6
     136    5.480041e+01   1.243e+01   4.109e+06   8.204e-01        8
     137    5.581269e+01   1.450e+01   3.519e+06   7.811e+00        3
     138    5.581624e+01   1.439e+01   3.525e+06   4.260e-02       24
     139    5.582375e+01   1.439e+01   3.526e+06   5.307e-02        1
     140    5.583399e+01   1.416e+01   3.518e+06   7.502e-02        3
     141    5.593787e+01   1.417e+01   3.514e+06   7.410e-01        4
     142    5.614940e+01   1.400e+01   3.380e+06   1.485e+00        4
     143    5.688284e+01   1.462e+01   3.378e+06   5.006e+00       16
     144    5.766423e+01   1.471e+01   3.396e+06   5.041e+00        2
     145    5.928014e+01   1.654e+01   3.761e+06   1.013e+01        1
     146    6.075906e+01   1.725e+01   2.389e+06   1.022e+01       32
     147    6.191671e+01   1.836e+01   2.877e+06   9.640e+00       39
     148    6.261138e+01   1.787e+01   4.004e+06   5.289e+00       40
     149    6.362939e+01   1.870e+01   5.794e+06   8.568e+00       17
     150    6.468873e+01   1.935e+01   5.569e+06   9.102e+00       30
     151    6.490642e+01   1.935e+01   3.780e+06   1.851e+00       13
     152    6.533892e+01   1.930e+01   3.504e+06   3.622e+00        5
     153    6.534232e+01   1.930e+01   3.651e+06   2.844e-02       39
     154    6.534794e+01   1.910e+01   3.626e+06   4.613e-02        3
     155    6.534794e+01   1.910e+01   3.633e+06   3.401e-06       21
     156    6.534794e+01   1.910e+01   3.632e+06   2.087e-05        1
     157    6.534794e+01   1.910e+01   3.632e+06   4.804e-05        3
     158    6.534795e+01   1.910e+01   3.634e+06   4.352e-05        1
     159    6.534795e+01   1.910e+01   3.634e+06   1.195e-05        5
     160    6.534795e+01   1.910e+01   3.635e+06   2.121e-05        1
     161    6.534795e+01   1.910e+01   3.635e+06   4.740e-05        2
     162    6.534795e+01   1.910e+01   3.636e+06   4.224e-05        1
     163    6.534795e+01   1.910e+01   3.637e+06   1.193e-05        5
     164    6.534795e+01   1.910e+01   3.637e+06   1.046e-05        1
     165    6.534795e+01   1.910e+01   3.637e+06   2.127e-05        2
     166    6.534796e+01   1.909e+01   3.640e+06   1.487e-04        2
     167    6.534796e+01   1.909e+01   3.640e+06   1.300e-06       10
     168    6.534796e+01   1.909e+01   3.640e+06   2.284e-06        1
     169    6.534796e+01   1.909e+01   3.640e+06   4.581e-06        1
     170    6.534796e+01   1.909e+01   3.640e+06   9.201e-06        1
     171    6.534796e+01   1.909e+01   3.641e+06   1.837e-05        1
     172    6.534796e+01   1.909e+01   3.641e+06   1.304e-04        2
     173    6.534796e+01   1.909e+01   3.641e+06   1.137e-06       12
     174    6.534796e+01   1.909e+01   3.641e+06   2.000e-06        1
     175    6.534796e+01   1.909e+01   3.641e+06   4.009e-06        1
     176    6.534796e+01   1.909e+01   3.641e+06   8.096e-06        1
     177    6.534796e+01   1.909e+01   3.641e+06   1.635e-05        1
     178    6.534796e+01   1.909e+01   3.641e+06   3.217e-05        1
     179    6.534796e+01   1.909e+01   3.641e+06   1.834e-05        3
     180    6.534796e+01   1.909e+01   3.641e+06   1.606e-05        1
     181    6.534796e+01   1.909e+01   3.641e+06   3.619e-05        1
     182    6.534796e+01   1.909e+01   3.641e+06   6.445e-05        1
     183    6.534796e+01   1.909e+01   3.641e+06   2.256e-06        7
     184    6.534796e+01   1.909e+01   3.641e+06   1.995e-06        1
     185    6.534796e+01   1.909e+01   3.641e+06   3.991e-06        1
     186    6.534796e+01   1.909e+01   3.641e+06   8.124e-06        1
     187    6.534796e+01   1.909e+01   3.641e+06   1.599e-05        1
     188    6.534796e+01   1.909e+01   3.641e+06   3.189e-05        1
     189    6.534797e+01   1.909e+01   3.641e+06   1.821e-05        3
     190    6.534797e+01   1.909e+01   3.641e+06   1.600e-05        1
     191    6.534797e+01   1.909e+01   3.641e+06   3.613e-05        3
     192    6.534797e+01   1.909e+01   3.641e+06   6.450e-05        1
     193    6.534797e+01   1.909e+01   3.641e+06   4.547e-06        6
     194    6.534797e+01   1.909e+01   3.641e+06   7.982e-06        1
     195    6.534797e+01   1.909e+01   3.641e+06   1.613e-05        1
     196    6.534797e+01   1.909e+01   3.641e+06   3.239e-05        1
     197    6.534797e+01   1.909e+01   3.641e+06   1.825e-05        3
     198    6.534797e+01   1.909e+01   3.641e+06   1.597e-05        1
     199    6.534797e+01   1.909e+01   3.641e+06   3.669e-05        1
     200    6.534797e+01   1.909e+01   3.641e+06   6.450e-05        1

EXIT: Iteration limit reached. Current point is infeasible.

Final Statistics
----------------
Final objective value               =   6.53479698937209e+01
Final feasibility error (abs / rel) =   1.91e+01 / 1.91e+01
Final optimality error  (abs / rel) =   3.64e+06 / 3.64e+06
# of iterations                     =        200 
# of CG iterations                  =       4372 
# of function evaluations           =        310
# of gradient evaluations           =        202
Total program time (secs)           =   34610.72266 (598845.062 CPU time)
Time spent in evaluations (secs)    =   34442.08594

===============================================================================

