Knitro 12.2.0 (Barrier Algorithm)
Step information

  Iter    Res    Objective   PrimFeas  DualFeas    Comp      Delta   ||step||    ||v||    ||Zu||    ||SOC||   alphaS    alphaLS #bk #cr   pertH   regKKT  regAUG
--------  --- ------------- --------- --------- --------- --------- --------- --------- --------- --------- --------- --------- --- ---  ------- ------- -------
       0  ---   1.60036e+01  0.00e+00                      8.72e+01
          Rej   1.42066e+01  0.00e+00  2.09e+01  2.00e-01  8.72e+01  6.32e+00  --------  --------  1.21e+03  4.16e-02  1.25e-01   3   1  0.0e+00 0.0e+00 0.0e+00
          Rej   1.05837e+00  0.00e+00  2.09e+01  2.00e-01  8.72e+01  5.62e+01  5.17e+01  2.20e+01  --------  4.16e-02  1.00e+00   0   0  0.0e+00 0.0e+00 0.0e+00
          Rej   2.53175e+00  0.00e+00  2.09e+01  2.00e-01  2.81e+01  2.81e+01  2.25e+01  1.69e+01  --------  4.16e-02  1.00e+00   0   0  0.0e+00 0.0e+00 0.0e+00
          Rej   7.67109e+00  0.00e+00  2.09e+01  2.00e-01  1.40e+01  1.40e+01  1.12e+01  8.43e+00  --------  4.16e-02  1.00e+00   0   0  0.0e+00 0.0e+00 0.0e+00
          Rej   1.14168e+01  0.00e+00  2.09e+01  2.00e-01  7.02e+00  7.02e+00  5.62e+00  4.21e+00  --------  4.16e-02  1.00e+00   0   0  0.0e+00 0.0e+00 0.0e+00
          Rej   1.36020e+01  0.00e+00  2.09e+01  2.00e-01  3.51e+00  3.51e+00  2.81e+00  2.11e+00  --------  4.16e-02  1.00e+00   0   0  0.0e+00 0.0e+00 0.0e+00
          Rej   1.47752e+01  0.00e+00  2.09e+01  2.00e-01  1.76e+00  1.76e+00  1.40e+00  1.05e+00  --------  4.16e-02  1.00e+00   0   0  0.0e+00 0.0e+00 0.0e+00
       1  Acc   1.53823e+01  2.29e-03  8.85e+00  1.42e+00  8.78e-01  8.78e-01  7.02e-01  5.27e-01  --------  4.16e-02  1.00e+00   0   0  0.0e+00 0.0e+00 0.0e+00
       2  Acc   5.14437e+00  5.41e-01  5.02e+00  9.26e-01  1.76e+00  8.86e+01  --------  --------  --------  7.39e-01  1.00e+00   0   1  0.0e+00 0.0e+00 0.0e+00
          Rej   3.40225e+00  5.41e-01  5.02e+00  9.26e-01  1.77e+02  5.70e+00  --------  --------  2.40e+02  5.19e-01  1.25e-01   3   1  0.0e+00 0.0e+00 0.0e+00
          Rej   1.53035e+01  5.41e-01  5.02e+00  9.26e-01  1.77e+02  3.77e+01  2.30e+01  2.98e+01  --------  5.19e-01  1.00e+00   0   0  0.0e+00 0.0e+00 0.0e+00
          Rej   2.06739e+01  5.41e-01  5.02e+00  9.26e-01  1.88e+01  1.88e+01  1.51e+01  1.13e+01  --------  5.19e-01  1.00e+00   0   0  0.0e+00 0.0e+00 0.0e+00
          Rej   1.86278e+01  5.41e-01  5.02e+00  9.26e-01  9.42e+00  9.42e+00  7.53e+00  5.65e+00  --------  5.19e-01  1.00e+00   0   0  0.0e+00 0.0e+00 0.0e+00
          Rej   7.06888e+00  5.41e-01  5.02e+00  9.26e-01  4.71e+00  4.71e+00  3.77e+00  2.82e+00  --------  5.19e-01  1.00e+00   0   0  0.0e+00 0.0e+00 0.0e+00
          Rej   4.72212e+00  5.41e-01  5.02e+00  9.26e-01  2.35e+00  2.35e+00  1.88e+00  1.41e+00  --------  5.19e-01  1.00e+00   0   0  0.0e+00 0.0e+00 0.0e+00
          Rej   4.56357e+00  5.41e-01  5.02e+00  9.26e-01  1.18e+00  1.18e+00  9.42e-01  7.06e-01  --------  5.19e-01  1.00e+00   0   0  0.0e+00 0.0e+00 0.0e+00
       3  Acc   4.75785e+00  6.30e-01  4.84e+00  5.61e-01  5.89e-01  5.89e-01  4.71e-01  3.53e-01  --------  5.19e-01  1.00e+00   0   0  0.0e+00 0.0e+00 0.0e+00
          Rej   5.34961e+00  6.30e-01  4.84e+00  5.61e-01  1.18e+00  1.26e+01  --------  --------  8.11e+02  2.68e-01  1.25e-01   3   1  0.0e+00 0.0e+00 0.0e+00
          Rej   4.00819e+00  6.30e-01  4.84e+00  5.61e-01  1.18e+00  1.18e+00  9.42e-01  7.06e-01  --------  2.68e-01  1.00e+00   0   0  0.0e+00 0.0e+00 0.0e+00
  Iter    Res    Objective   PrimFeas  DualFeas    Comp      Delta   ||step||    ||v||    ||Zu||    ||SOC||   alphaS    alphaLS #bk #cr   pertH   regKKT  regAUG
--------  --- ------------- --------- --------- --------- --------- --------- --------- --------- --------- --------- --------- --- ---  ------- ------- -------
          Rej   4.32091e+00  6.30e-01  4.84e+00  5.61e-01  5.89e-01  5.89e-01  4.71e-01  3.53e-01  --------  2.68e-01  1.00e+00   0   0  0.0e+00 0.0e+00 0.0e+00
          Rej   4.52413e+00  6.30e-01  4.84e+00  5.61e-01  2.94e-01  2.94e-01  2.35e-01  1.77e-01  --------  2.68e-01  1.00e+00   0   0  0.0e+00 0.0e+00 0.0e+00
          Rej   4.63623e+00  6.30e-01  4.84e+00  5.61e-01  1.47e-01  1.47e-01  1.18e-01  8.83e-02  --------  2.68e-01  1.00e+00   0   0  0.0e+00 0.0e+00 0.0e+00
          Rej   4.69228e+00  6.30e-01  4.84e+00  5.61e-01  7.36e-02  7.36e-02  5.89e-02  4.41e-02  --------  2.68e-01  1.00e+00   0   0  0.0e+00 0.0e+00 0.0e+00
          Rej   4.72386e+00  6.30e-01  4.84e+00  5.61e-01  3.68e-02  3.68e-02  2.94e-02  2.21e-02  --------  2.68e-01  1.00e+00   0   0  0.0e+00 0.0e+00 0.0e+00
       4  Acc   4.74058e+00  6.13e-01  3.28e+00  4.55e-01  1.84e-02  1.84e-02  1.47e-02  1.10e-02  --------  2.68e-01  1.00e+00   0   0  0.0e+00 0.0e+00 0.0e+00
          Rej   4.71779e+00  6.13e-01  3.28e+00  4.55e-01  1.29e-01  2.29e+00  --------  --------  1.00e+03  6.52e-02  1.25e-01   3   1  0.0e+00 0.0e+00 0.0e+00
       5  Acc   4.62905e+00  7.98e-01  3.30e+00  2.64e-01  1.29e-01  1.29e-01  1.03e-01  7.72e-02  --------  6.52e-02  1.00e+00   0   0  0.0e+00 0.0e+00 0.0e+00
          Rej   3.92318e+00  7.98e-01  3.30e+00  2.64e-01  9.01e-01  1.07e+01  --------  --------  5.11e+02  4.04e-01  1.25e-01   3   1  0.0e+00 0.0e+00 0.0e+00
       6  Acc   4.03288e+00  1.13e+00  3.13e+00  7.66e-01  9.01e-01  9.01e-01  7.21e-01  5.41e-01  --------  4.04e-01  1.00e+00   0   0  0.0e+00 0.0e+00 0.0e+00
          Rej   3.35794e+00  1.13e+00  3.13e+00  7.66e-01  1.80e+00  6.00e+00  --------  --------  1.75e+02  3.38e-01  1.25e-01   3   1  0.0e+00 0.0e+00 0.0e+00
          Rej   4.97631e+00  1.13e+00  3.13e+00  7.66e-01  1.80e+00  1.80e+00  1.44e+00  1.08e+00  --------  3.38e-01  1.00e+00   0   0  0.0e+00 0.0e+00 0.0e+00
       7  Acc   3.97182e+00  1.27e+00  5.35e+00  1.09e+00  9.01e-01  9.01e-01  7.21e-01  5.41e-01  --------  3.38e-01  1.00e+00   0   0  0.0e+00 0.0e+00 0.0e+00
          Rej   3.10133e+00  1.27e+00  5.35e+00  1.09e+00  9.01e-01  6.64e+00  --------  --------  2.51e+02  2.76e-01  1.25e-01   3   1  0.0e+00 0.0e+00 0.0e+00
          Rej   3.31928e+00  1.27e+00  5.35e+00  1.09e+00  9.01e-01  9.01e-01  7.21e-01  5.41e-01  --------  2.76e-01  1.00e+00   0   0  0.0e+00 0.0e+00 0.0e+00
          Rej   4.01061e+00  1.27e+00  1.87e+06  9.42e-02  7.54e-01  3.72e+02  --------  --------  3.57e+04  7.70e-02  1.25e-01   3   0  0.0e+00 0.0e+00 0.0e+00
          Rej   4.00160e+00  1.27e+00  1.87e+06  9.42e-02  7.54e-01  7.54e-01  1.26e-01  7.44e-01  --------  7.70e-02  1.00e+00   0   0  0.0e+00 0.0e+00 0.0e+00
          Rej   4.05623e+00  1.27e+00  1.87e+06  9.42e-02  3.77e-01  3.77e-01  1.26e-01  3.55e-01  --------  7.70e-02  1.00e+00   0   0  0.0e+00 0.0e+00 0.0e+00
       8  Acc   4.09670e+00  1.26e+00  1.87e+06  9.36e-02  1.89e-01  1.89e-01  1.26e-01  1.40e-01  --------  7.70e-02  1.00e+00   0   0  0.0e+00 0.0e+00 0.0e+00
          Rej   4.09673e+00  1.26e+00  1.87e+06  9.36e-02  1.89e-01  4.71e-02  --------  --------  4.61e+04  1.06e-02  9.54e-05   3   0  0.0e+00 0.0e+00 0.0e+00
          Rej   3.92104e+00  1.26e+00  1.87e+06  9.36e-02  1.89e-01  1.89e-01  1.51e-01  1.13e-01  --------  1.06e-02  1.00e+00   0   0  0.0e+00 0.0e+00 0.0e+00
          Rej   3.99405e+00  1.26e+00  1.87e+06  9.36e-02  9.43e-02  9.43e-02  7.54e-02  5.66e-02  --------  1.06e-02  1.00e+00   0   0  0.0e+00 0.0e+00 0.0e+00
          Rej   4.04162e+00  1.26e+00  1.87e+06  9.36e-02  4.71e-02  4.71e-02  3.77e-02  2.83e-02  --------  1.06e-02  1.00e+00   0   0  0.0e+00 0.0e+00 0.0e+00
          Rej   4.06819e+00  1.26e+00  1.87e+06  9.36e-02  2.36e-02  2.36e-02  1.89e-02  1.41e-02  --------  1.06e-02  1.00e+00   0   0  0.0e+00 0.0e+00 0.0e+00
          Rej   4.08221e+00  1.26e+00  1.87e+06  9.36e-02  1.18e-02  1.18e-02  9.43e-03  7.07e-03  --------  1.06e-02  1.00e+00   0   0  0.0e+00 0.0e+00 0.0e+00
          Rej   4.08949e+00  1.26e+00  1.87e+06  9.36e-02  5.89e-03  5.89e-03  4.71e-03  3.54e-03  --------  1.06e-02  1.00e+00   0   0  0.0e+00 0.0e+00 0.0e+00
          Rej   4.09339e+00  1.26e+00  1.87e+06  9.36e-02  2.95e-03  2.95e-03  2.36e-03  1.77e-03  --------  1.06e-02  1.00e+00   0   0  0.0e+00 0.0e+00 0.0e+00
          Rej   4.09599e+00  1.26e+00  1.87e+06  9.36e-02  7.37e-04  7.37e-04  5.89e-04  4.42e-04  --------  1.06e-02  1.00e+00   0   0  0.0e+00 0.0e+00 0.0e+00
          Rej   4.09661e+00  1.26e+00  1.87e+06  9.36e-02  9.21e-05  9.21e-05  7.37e-05  5.52e-05  --------  1.06e-02  1.00e+00   0   0  0.0e+00 0.0e+00 0.0e+00
          Rej   4.09669e+00  1.26e+00  1.87e+06  9.36e-02  5.75e-06  5.75e-06  4.60e-06  3.45e-06  --------  1.06e-02  1.00e+00   0   0  0.0e+00 0.0e+00 0.0e+00
       9  Acc   4.09670e+00  1.26e+00  1.87e+06  9.36e-02  1.80e-07  1.80e-07  1.44e-07  1.08e-07  --------  1.06e-02  1.00e+00   0   0  0.0e+00 0.0e+00 0.0e+00
          Rej   4.09670e+00  1.26e+00  1.87e+06  9.36e-02  1.26e-06  3.15e-07  --------  --------  4.60e+04  1.10e-02  6.17e-10   3   0  0.0e+00 0.0e+00 0.0e+00
          Rej   4.09670e+00  1.26e+00  1.87e+06  9.36e-02  1.26e-06  1.26e-06  1.01e-06  7.55e-07  --------  1.10e-02  1.00e+00   0   0  0.0e+00 0.0e+00 0.0e+00
          Rej   4.09670e+00  1.26e+00  1.87e+06  9.36e-02  6.29e-07  6.29e-07  5.03e-07  3.78e-07  --------  1.10e-02  1.00e+00   0   0  0.0e+00 0.0e+00 0.0e+00
  Iter    Res    Objective   PrimFeas  DualFeas    Comp      Delta   ||step||    ||v||    ||Zu||    ||SOC||   alphaS    alphaLS #bk #cr   pertH   regKKT  regAUG
--------  --- ------------- --------- --------- --------- --------- --------- --------- --------- --------- --------- --------- --- ---  ------- ------- -------
          Rej   4.09670e+00  1.26e+00  1.87e+06  9.36e-02  3.15e-07  3.15e-07  2.52e-07  1.89e-07  --------  1.10e-02  1.00e+00   0   0  0.0e+00 0.0e+00 0.0e+00
      10  Acc   4.09670e+00  1.26e+00  1.87e+06  9.36e-02  1.57e-07  1.57e-07  1.26e-07  9.44e-08  --------  1.10e-02  1.00e+00   0   0  0.0e+00 0.0e+00 0.0e+00
