Knitro 12.2.0 (Barrier Algorithm)
Normal subproblem information

  Iter    Res    ||v||    ||vC||    ||vI||    ||vN||     cred     ||c||  ||c+Av|| type
--------  --- --------- --------- --------- --------- --------- -------- -------- ----
       0  ---
          Rej  0.00e+00  0.00e+00  0.00e+00  0.00e+00  5.14e-02 9.87e+00 0.00e+00 UNKN
          Rej  5.17e+01  4.02e-01  6.98e+01  9.87e+01  5.17e+00 9.87e+00 4.70e+00 Ntr 
          Rej  2.25e+01  4.02e-01  2.25e+01  9.87e+01  2.25e+00 9.87e+00 7.63e+00 Ntr 
          Rej  1.12e+01  4.02e-01  1.12e+01  9.87e+01  1.12e+00 9.87e+00 8.75e+00 Ntr 
          Rej  5.62e+00  4.02e-01  5.62e+00  9.87e+01  5.62e-01 9.87e+00 9.31e+00 Ntr 
          Rej  2.81e+00  4.02e-01  2.81e+00  9.87e+01  2.81e-01 9.87e+00 9.59e+00 Ntr 
          Rej  1.40e+00  4.02e-01  1.40e+00  9.87e+01  1.40e-01 9.87e+00 9.73e+00 Ntr 
       1  Acc  7.02e-01  4.02e-01  7.02e-01  9.87e+01  7.02e-02 9.87e+00 9.80e+00 Ntr 
       2  Acc  0.00e+00  0.00e+00  0.00e+00  0.00e+00  8.80e+00 9.81e+00 9.80e+00 UNKN
          Rej  0.00e+00  0.00e+00  0.00e+00  0.00e+00  5.87e-01 9.81e+00 9.80e+00 UNKN
          Rej  2.30e+01  7.23e-02  7.75e+01  7.75e+01  3.01e+00 9.81e+00 6.04e+00 Icut
          Rej  1.51e+01  7.23e-02  1.51e+01  7.75e+01  2.13e+00 9.81e+00 6.92e+00 I   
          Rej  7.53e+00  7.23e-02  7.53e+00  7.75e+01  1.29e+00 9.81e+00 7.76e+00 I   
          Rej  3.77e+00  7.23e-02  3.77e+00  7.75e+01  8.73e-01 9.81e+00 8.17e+00 I   
          Rej  1.88e+00  7.23e-02  1.88e+00  7.75e+01  6.64e-01 9.81e+00 8.38e+00 I   
          Rej  9.42e-01  7.23e-02  9.42e-01  7.75e+01  5.59e-01 9.81e+00 8.49e+00 I   
       3  Acc  4.71e-01  7.23e-02  4.71e-01  7.75e+01  5.07e-01 9.05e+00 8.54e+00 I   
          Rej  0.00e+00  0.00e+00  0.00e+00  0.00e+00  6.39e-01 9.05e+00 8.54e+00 UNKN
          Rej  9.42e-01  7.21e-02  9.42e-01  7.79e+01  6.17e-01 9.05e+00 8.21e+00 I   
  Iter    Res    ||v||    ||vC||    ||vI||    ||vN||     cred     ||c||  ||c+Av|| type
--------  --- --------- --------- --------- --------- --------- -------- -------- ----
          Rej  4.71e-01  7.21e-02  4.71e-01  7.79e+01  5.66e-01 9.05e+00 8.26e+00 I   
          Rej  2.35e-01  7.21e-02  2.35e-01  7.79e+01  5.41e-01 9.05e+00 8.28e+00 I   
          Rej  1.18e-01  7.21e-02  1.18e-01  7.79e+01  5.27e-01 9.05e+00 8.30e+00 I   
          Rej  5.89e-02  5.89e-02  1.18e-01  7.79e+01  4.99e-01 9.05e+00 8.32e+00 C   
          Rej  2.94e-02  2.94e-02  1.18e-01  7.79e+01  3.32e-01 9.05e+00 8.49e+00 C   
       4  Acc  1.47e-02  1.47e-02  1.18e-01  7.79e+01  1.86e-01 8.82e+00 8.64e+00 C   
          Rej  0.00e+00  0.00e+00  0.00e+00  0.00e+00  6.92e-02 8.82e+00 8.64e+00 UNKN
       5  Acc  1.03e-01  8.50e-02  1.03e-01  7.87e+01  3.05e-01 8.49e+00 8.18e+00 I   
          Rej  0.00e+00  0.00e+00  0.00e+00  0.00e+00  3.73e-01 8.49e+00 8.18e+00 UNKN
       6  Acc  7.21e-01  8.50e-02  7.21e-01  7.32e+01  5.46e-01 7.39e+00 6.84e+00 I   
          Rej  0.00e+00  0.00e+00  0.00e+00  0.00e+00  3.02e-01 7.39e+00 6.84e+00 UNKN
          Rej  1.44e+00  1.01e-01  1.44e+00  7.05e+01  9.00e-01 7.39e+00 6.25e+00 I   
       7  Acc  7.21e-01  1.01e-01  7.21e-01  7.05e+01  8.35e-01 7.15e+00 6.31e+00 I   
          Rej  0.00e+00  0.00e+00  0.00e+00  0.00e+00  2.39e-01 7.15e+00 6.31e+00 UNKN
          Rej  7.21e-01  6.38e-02  7.21e-01  7.24e+01  5.42e-01 7.15e+00 6.37e+00 I   
          Rej  0.00e+00  0.00e+00  0.00e+00  0.00e+00  9.62e-04 1.00e-01 6.41e+00 UNKN
          Rej  1.26e-01  2.23e-05  0.00e+00  1.26e-01  1.00e-01 1.00e-01 2.40e-17 N   
          Rej  1.26e-01  2.23e-05  0.00e+00  1.26e-01  1.00e-01 1.00e-01 2.40e-17 N   
       8  Acc  1.26e-01  2.23e-05  0.00e+00  1.26e-01  1.00e-01 1.00e-01 2.40e-17 N   
          Rej  0.00e+00  0.00e+00  0.00e+00  0.00e+00  9.63e-08 1.00e-01 2.40e-17 UNKN
          Rej  1.51e-01  1.73e-03  1.51e-01  3.73e-01  4.02e-02 1.00e-01 5.50e-02 I   
          Rej  7.54e-02  1.73e-03  7.54e-02  3.73e-01  2.15e-02 1.00e-01 7.37e-02 I   
          Rej  3.77e-02  1.73e-03  3.77e-02  3.73e-01  1.21e-02 1.00e-01 8.30e-02 I   
          Rej  1.89e-02  1.73e-03  1.89e-02  3.73e-01  7.42e-03 1.00e-01 8.77e-02 I   
          Rej  9.43e-03  1.73e-03  9.43e-03  3.73e-01  5.08e-03 1.00e-01 9.01e-02 I   
          Rej  4.71e-03  1.73e-03  4.71e-03  3.73e-01  3.88e-03 1.00e-01 9.13e-02 I   
          Rej  2.36e-03  1.73e-03  2.36e-03  3.73e-01  3.25e-03 1.00e-01 9.19e-02 I   
          Rej  5.89e-04  5.89e-04  2.36e-03  3.73e-01  1.71e-03 1.00e-01 9.34e-02 C   
          Rej  7.37e-05  7.37e-05  2.36e-03  3.73e-01  2.51e-04 1.00e-01 9.49e-02 C   
          Rej  4.60e-06  4.60e-06  2.36e-03  3.73e-01  1.60e-05 1.00e-01 9.51e-02 C   
       9  Acc  1.44e-07  1.44e-07  2.36e-03  3.73e-01  4.99e-07 9.51e-02 9.51e-02 C   
          Rej  0.00e+00  0.00e+00  0.00e+00  0.00e+00  6.43e-13 9.51e-02 9.51e-02 UNKN
          Rej  1.01e-06  1.01e-06  2.36e-03  3.58e-01  3.55e-06 9.51e-02 9.51e-02 C   
          Rej  5.03e-07  5.03e-07  2.36e-03  3.58e-01  1.78e-06 9.51e-02 9.51e-02 C   
  Iter    Res    ||v||    ||vC||    ||vI||    ||vN||     cred     ||c||  ||c+Av|| type
--------  --- --------- --------- --------- --------- --------- -------- -------- ----
          Rej  2.52e-07  2.52e-07  2.36e-03  3.58e-01  8.88e-07 9.51e-02 9.51e-02 C   
      10  Acc  1.26e-07  1.26e-07  2.36e-03  3.58e-01  4.44e-07 9.51e-02 9.51e-02 C   
