Knitro 12.2.0 (Barrier Algorithm)
Barrier subproblem information

                 Barrier      Barrier   Barrier   Barrier
  Iter    Res   Objective    PrimFeas  DualFeas     Comp    pi_obj    pi_con    nu_low      nu       a_red     a_cred      p_red     p_cred       mu      penErr
--------  --- ------------- --------- --------- --------- --------- --------- --------- --------- ---------- ---------- ---------- ---------- --------- ---------
       0  ---  -8.22384e+02  9.52e-02  						         5.00e+02 				               1.00e-01  0.00e+00
          Rej  -2.56050e+04  9.52e-02  2.09e+01  2.09e+01  1.00e+00  1.00e+00  5.00e+02  5.00e+02  -5.06e+04  -1.41e+02   2.91e+02   5.14e-02  3.06e+00  0.00e+00  
          Rej  -2.56050e+04  9.52e-02  2.09e+01  2.09e+01  1.00e+00  1.00e+00  4.36e+03  5.00e+02  -1.04e+06  -2.39e+02   7.52e+03   5.17e+00  3.06e+00  0.00e+00  
          Rej  -2.56050e+04  9.52e-02  2.09e+01  2.09e+01  1.00e+00  1.00e+00  4.00e+03  5.00e+02  -9.24e+05  -2.36e+02   2.99e+03   2.25e+00  3.06e+00  0.00e+00  
          Rej  -2.56050e+04  9.52e-02  2.09e+01  2.09e+01  1.00e+00  1.00e+00  3.99e+03  5.00e+02  -6.81e+05  -1.76e+02   1.49e+03   1.12e+00  3.06e+00  0.00e+00  
          Rej  -2.56050e+04  9.52e-02  2.09e+01  2.09e+01  1.00e+00  1.00e+00  3.98e+03  5.00e+02  -2.79e+05  -7.35e+01   7.45e+02   5.62e-01  3.06e+00  0.00e+00  
          Rej  -2.56050e+04  9.52e-02  2.09e+01  2.09e+01  1.00e+00  1.00e+00  3.98e+03  5.00e+02  -7.91e+04  -2.13e+01   3.72e+02   2.81e-01  3.06e+00  0.00e+00  
          Rej  -2.56050e+04  9.52e-02  2.09e+01  2.09e+01  1.00e+00  1.00e+00  3.97e+03  5.00e+02  -3.28e+03  -8.90e-01   1.86e+02   1.40e-01  3.06e+00  0.00e+00  
       1  Acc  -2.54182e+04  1.02e-01  8.85e+00  8.85e+00  1.00e+00  1.00e+00  3.97e+03  3.97e+03   8.05e+01   6.73e-02   9.30e+01   7.02e-02  3.06e+00  0.00e+00  
       2  Acc   5.48314e+02  5.56e-01  5.02e+00  1.62e+01  1.00e+00  1.00e+00  2.13e+03  2.13e+03   6.05e+02   7.60e-01   6.25e+03   8.80e+00  5.81e-02  0.00e+00  
          Rej   1.41969e+03  5.56e-01  5.02e+00  1.62e+01  1.00e+00  1.00e+00  9.05e+02  2.13e+03  -4.97e+04  -5.56e+01   4.46e+02   5.87e-01  1.51e-01  0.00e+00  
          Rej   1.41969e+03  5.56e-01  5.02e+00  1.62e+01  1.00e+00  1.00e+00  2.13e+03  2.13e+03  -2.24e+05  -1.05e+02   5.74e+03   3.01e+00  1.51e-01  0.00e+00  
          Rej   1.41969e+03  5.56e-01  5.02e+00  1.62e+01  1.00e+00  1.00e+00  2.13e+03  2.13e+03  -2.96e+05  -1.39e+02   4.18e+03   2.13e+00  1.51e-01  0.00e+00  
          Rej   1.41969e+03  5.56e-01  5.02e+00  1.62e+01  1.00e+00  1.00e+00  2.13e+03  2.13e+03  -1.56e+05  -7.36e+01   2.63e+03   1.29e+00  1.51e-01  0.00e+00  
          Rej   1.41969e+03  5.56e-01  5.02e+00  1.62e+01  1.00e+00  1.00e+00  2.13e+03  2.13e+03  -9.92e+04  -4.68e+01   1.81e+03   8.73e-01  1.51e-01  0.00e+00  
          Rej   1.41969e+03  5.56e-01  5.02e+00  1.62e+01  1.00e+00  1.00e+00  2.13e+03  2.13e+03  -2.46e+04  -1.17e+01   1.40e+03   6.64e-01  1.51e-01  0.00e+00  
          Rej   1.41969e+03  5.56e-01  5.02e+00  1.62e+01  1.00e+00  1.00e+00  2.13e+03  2.13e+03  -5.96e+03  -2.89e+00   1.18e+03   5.59e-01  1.51e-01  0.00e+00  
       3  Acc   1.32790e+03  6.44e-01  4.84e+00  4.84e+00  1.00e+00  1.00e+00  2.13e+03  2.13e+03   5.65e+02   2.22e-01   1.08e+03   5.07e-01  1.51e-01  0.00e+00  
          Rej   5.40096e+02  6.44e-01  4.84e+00  4.84e+00  1.00e+00  1.00e+00  8.82e+02  2.13e+03  -5.20e+04  -5.93e+01   5.46e+02   6.39e-01  6.12e-02  0.00e+00  
          Rej   5.40096e+02  6.44e-01  4.84e+00  4.84e+00  1.00e+00  1.00e+00  2.13e+03  2.13e+03  -2.08e+04  -9.77e+00   1.31e+03   6.17e-01  6.12e-02  0.00e+00  
                 Barrier      Barrier   Barrier   Barrier
  Iter    Res   Objective    PrimFeas  DualFeas     Comp    pi_obj    pi_con    nu_low      nu       a_red     a_cred      p_red     p_cred       mu      penErr
--------  --- ------------- --------- --------- --------- --------- --------- --------- --------- ---------- ---------- ---------- ---------- --------- ---------
          Rej   5.40096e+02  6.44e-01  4.84e+00  4.84e+00  1.00e+00  1.00e+00  2.13e+03  2.13e+03  -1.19e+04  -5.62e+00   1.21e+03   5.66e-01  6.12e-02  0.00e+00  
          Rej   5.40096e+02  6.44e-01  4.84e+00  4.84e+00  1.00e+00  1.00e+00  2.13e+03  2.13e+03  -7.70e+03  -3.62e+00   1.15e+03   5.41e-01  6.12e-02  0.00e+00  
          Rej   5.40096e+02  6.44e-01  4.84e+00  4.84e+00  1.00e+00  1.00e+00  2.13e+03  2.13e+03  -5.50e+03  -2.58e+00   1.12e+03   5.27e-01  6.12e-02  0.00e+00  
          Rej   5.40096e+02  6.44e-01  4.84e+00  4.84e+00  1.00e+00  1.00e+00  2.13e+03  2.13e+03  -2.85e+03  -1.33e+00   1.06e+03   4.99e-01  6.12e-02  0.00e+00  
          Rej   5.40096e+02  6.44e-01  4.84e+00  4.84e+00  1.00e+00  1.00e+00  2.13e+03  2.13e+03  -3.24e+02  -1.49e-01   7.09e+02   3.32e-01  6.12e-02  0.00e+00  
       4  Acc   5.53545e+02  6.27e-01  3.28e+00  3.28e+00  1.00e+00  1.00e+00  2.13e+03  2.13e+03   7.00e+02   3.34e-01   3.96e+02   1.86e-01  6.12e-02  0.00e+00  
          Rej   4.22256e+02  6.27e-01  3.28e+00  3.28e+00  1.00e+00  1.00e+00  8.49e+02  2.13e+03  -4.32e+03  -5.18e+00   5.82e+01   6.92e-02  4.65e-02  0.00e+00  
       5  Acc   3.95062e+02  8.79e-01  3.30e+00  3.30e+00  1.00e+00  1.00e+00  2.13e+03  2.13e+03   2.38e+03   1.10e+00   6.50e+02   3.05e-01  4.65e-02  0.00e+00  
          Rej   1.69496e+02  8.79e-01  3.30e+00  3.30e+00  1.00e+00  1.00e+00  7.39e+02  2.13e+03  -1.41e+04  -1.92e+01   2.72e+02   3.73e-01  1.97e-02  0.00e+00  
       6  Acc   2.01766e+02  1.34e+00  3.13e+00  3.13e+00  1.00e+00  1.00e+00  2.13e+03  2.13e+03   4.75e+02   2.38e-01   1.16e+03   5.46e-01  1.97e-02  0.00e+00  
          Rej   1.06004e+02  1.34e+00  3.13e+00  3.13e+00  1.00e+00  1.00e+00  7.15e+02  2.13e+03  -2.71e+03  -3.81e+00   2.14e+02   3.02e-01  1.01e-02  0.00e+00  
          Rej   1.06004e+02  1.34e+00  3.13e+00  3.13e+00  1.00e+00  1.00e+00  2.13e+03  2.13e+03  -8.26e+02  -3.60e-01   1.92e+03   9.00e-01  1.01e-02  0.00e+00  
       7  Acc   9.68985e+01  1.52e+00  9.58e+00  9.58e+00  1.00e+00  1.00e+00  2.13e+03  2.13e+03   5.05e+02   2.32e-01   1.78e+03   8.35e-01  1.01e-02  0.00e+00  
          Rej   7.12435e+01  1.52e+00  9.58e+00  9.58e+00  1.00e+00  1.00e+00  6.92e+02  2.13e+03  -3.67e+03  -5.33e+00   1.65e+02   2.39e-01  7.34e-03  0.00e+00  
          Rej   7.12435e+01  1.52e+00  9.58e+00  9.58e+00  1.00e+00  1.00e+00  2.13e+03  2.13e+03  -5.21e+03  -2.42e+00   1.16e+03   5.42e-01  7.34e-03  0.00e+00  
          Rej   2.77110e+03  2.37e-02  1.99e+00  3.89e-01  2.22e-16  1.00e+00  2.13e+03  2.13e+03  -2.19e+03  -1.04e+00   7.95e+01   9.62e-04  2.37e-02  1.49e+00  
          Rej   2.77110e+03  2.37e-02  1.99e+00  3.89e-01  2.22e-16  1.00e+00  2.13e+03  2.13e+03  -1.49e+03  -6.94e-01   2.17e+02   1.00e-01  2.37e-02  1.44e+00  
          Rej   2.77110e+03  2.37e-02  1.99e+00  3.89e-01  2.22e-16  1.00e+00  2.13e+03  2.13e+03  -5.21e+02  -2.42e-01   2.15e+02   1.00e-01  2.37e-02  1.48e+00  
       8  Acc   2.77437e+03  2.50e-02  1.73e+00  3.86e-01  2.22e-16  1.00e+00  2.13e+03  2.13e+03   7.07e+00   4.85e-03   2.14e+02   1.00e-01  2.37e-02  1.50e+00  
          Rej   2.77437e+03  2.50e-02  1.73e+00  3.86e-01  2.22e-16  1.00e+00  2.13e+03  2.13e+03  -1.24e-01  -3.29e-05   9.14e-03   9.63e-08  2.37e-02  1.50e+00  
          Rej   2.77437e+03  2.50e-02  1.73e+00  3.86e-01  2.22e-16  1.00e+00  2.13e+03  2.13e+03  -1.89e+03  -8.83e-01   8.61e+01   4.02e-02  2.37e-02  1.49e+00  
          Rej   2.77437e+03  2.50e-02  1.73e+00  3.86e-01  2.22e-16  1.00e+00  2.13e+03  2.13e+03  -7.38e+02  -3.45e-01   4.60e+01   2.15e-02  2.37e-02  1.50e+00  
          Rej   2.77437e+03  2.50e-02  1.73e+00  3.86e-01  2.22e-16  1.00e+00  2.13e+03  2.13e+03  -3.71e+02  -1.73e-01   2.59e+01   1.21e-02  2.37e-02  1.50e+00  
          Rej   2.77437e+03  2.50e-02  1.73e+00  3.86e-01  2.22e-16  1.00e+00  2.13e+03  2.13e+03  -1.98e+02  -9.28e-02   1.59e+01   7.42e-03  2.37e-02  1.50e+00  
          Rej   2.77437e+03  2.50e-02  1.73e+00  3.86e-01  2.22e-16  1.00e+00  2.13e+03  2.13e+03  -1.15e+02  -5.37e-02   1.09e+01   5.08e-03  2.37e-02  1.50e+00  
          Rej   2.77437e+03  2.50e-02  1.73e+00  3.86e-01  2.22e-16  1.00e+00  2.13e+03  2.13e+03  -7.31e+01  -3.43e-02   8.30e+00   3.88e-03  2.37e-02  1.50e+00  
          Rej   2.77437e+03  2.50e-02  1.73e+00  3.86e-01  2.22e-16  1.00e+00  2.13e+03  2.13e+03  -5.13e+01  -2.41e-02   6.94e+00   3.25e-03  2.37e-02  1.50e+00  
          Rej   2.77437e+03  2.50e-02  1.73e+00  3.86e-01  2.22e-16  1.00e+00  2.13e+03  2.13e+03  -1.45e+01  -6.81e-03   3.65e+00   1.71e-03  2.37e-02  1.50e+00  
          Rej   2.77437e+03  2.50e-02  1.73e+00  3.86e-01  2.22e-16  1.00e+00  2.13e+03  2.13e+03  -1.77e+00  -8.05e-04   5.35e-01   2.51e-04  2.37e-02  1.50e+00  
          Rej   2.77437e+03  2.50e-02  1.73e+00  3.86e-01  2.22e-16  1.00e+00  2.13e+03  2.13e+03  -8.97e-02  -1.23e-05   3.41e-02   1.60e-05  2.37e-02  1.50e+00  
       9  Acc   2.77443e+03  2.50e-02  1.73e+00  3.86e-01  2.22e-16  1.00e+00  2.13e+03  2.13e+03   1.78e-02   3.87e-05   1.07e-03   4.99e-07  2.37e-02  1.50e+00  
          Rej   2.77443e+03  2.50e-02  1.73e+00  3.86e-01  2.22e-16  1.00e+00  2.13e+03  2.13e+03  -3.49e-04  -2.44e-07   6.09e-08   6.43e-13  2.37e-02  1.50e+00  
          Rej   2.77443e+03  2.50e-02  1.73e+00  3.86e-01  2.22e-16  1.00e+00  2.13e+03  2.13e+03  -2.42e-02  -1.17e-05   7.58e-03   3.55e-06  2.37e-02  1.50e+00  
          Rej   2.77443e+03  2.50e-02  1.73e+00  3.86e-01  2.22e-16  1.00e+00  2.13e+03  2.13e+03  -1.26e-02  -6.07e-06   3.79e-03   1.78e-06  2.37e-02  1.50e+00  
                 Barrier      Barrier   Barrier   Barrier
  Iter    Res   Objective    PrimFeas  DualFeas     Comp    pi_obj    pi_con    nu_low      nu       a_red     a_cred      p_red     p_cred       mu      penErr
--------  --- ------------- --------- --------- --------- --------- --------- --------- --------- ---------- ---------- ---------- ---------- --------- ---------
          Rej   2.77443e+03  2.50e-02  1.73e+00  3.86e-01  2.22e-16  1.00e+00  2.13e+03  2.13e+03  -6.49e-03  -3.15e-06   1.89e-03   8.88e-07  2.37e-02  1.50e+00  
      10  Acc   2.77443e+03  2.50e-02  1.73e+00  3.86e-01  2.22e-16  1.00e+00  2.13e+03  2.13e+03   1.41e-02   6.33e-06   9.47e-04   4.44e-07  2.37e-02  1.50e+00  
