Knitro 12.2.0 (Barrier Algorithm)
Summary information

  Iter    Res    Objective   PrimFeas  DualFeas    Comp     minComp   maxComp   aveComp  maxLmbda  minLmb_g  minSlack/ maxSlack   CGits      mu    Memory
--------  --- ------------- --------- --------- --------- --------- --------- --------- --------- --------- ---------/--------- -------- --------- ------
       0  ---   1.60036e+01  0.00e+00  												          1.00e-01    679
          Rej   1.42066e+01  0.00e+00  2.09e+01  2.00e-01  9.47e-02  3.26e+01  4.52e+00  3.60e+01  8.86e-02  9.47e-02/ 3.50e+02        0  3.06e+00    847      
          Rej   1.05837e+00  0.00e+00  2.09e+01  2.00e-01  5.00e-04  3.26e+01  4.64e+00  3.60e+01  8.86e-02  5.00e-04/ 3.50e+02        1  3.06e+00    849      
          Rej   2.53175e+00  0.00e+00  2.09e+01  2.00e-01  3.79e-02  3.26e+01  4.64e+00  3.60e+01  8.86e-02  3.79e-02/ 3.50e+02        1  3.06e+00    849      
          Rej   7.67109e+00  0.00e+00  2.09e+01  2.00e-01  6.85e-02  3.26e+01  4.57e+00  3.60e+01  8.86e-02  6.85e-02/ 3.50e+02        1  3.06e+00    849      
          Rej   1.14168e+01  0.00e+00  2.09e+01  2.00e-01  8.41e-02  3.26e+01  4.42e+00  3.60e+01  8.86e-02  8.41e-02/ 3.50e+02        1  3.06e+00    849      
          Rej   1.36020e+01  0.00e+00  2.09e+01  2.00e-01  9.20e-02  3.26e+01  4.35e+00  3.60e+01  8.86e-02  9.20e-02/ 3.50e+02        1  3.06e+00    849      
          Rej   1.47752e+01  0.00e+00  2.09e+01  2.00e-01  9.60e-02  3.26e+01  4.33e+00  3.60e+01  8.86e-02  9.60e-02/ 3.50e+02        1  3.06e+00    849      
       1  Acc   1.53823e+01  2.29e-03  8.85e+00  1.42e+00  4.01e-02  3.27e+00  1.57e+00  4.90e+01  8.72e-03  9.80e-02/ 3.50e+02        1  3.06e+00    855      
       2  Acc   5.14437e+00  5.41e-01  5.02e+00  9.26e-01  5.03e-04  9.46e-01  5.06e-01  4.76e+01  2.40e-03  5.03e-04/ 3.50e+02        0  5.81e-02    878      
          Rej   3.40225e+00  5.41e-01  5.02e+00  9.26e-01  1.09e-03  3.98e+00  5.27e-01  4.61e+01  2.26e-03  1.09e-03/ 3.50e+02        0  1.51e-01    878      
          Rej   1.53035e+01  5.41e-01  5.02e+00  9.26e-01  4.09e-03  4.89e+00  6.29e-01  4.61e+01  2.26e-03  4.09e-03/ 3.50e+02       14  1.51e-01    878      
          Rej   2.06739e+01  5.41e-01  5.02e+00  9.26e-01  7.00e-04  6.64e+00  6.80e-01  4.61e+01  2.26e-03  7.00e-04/ 3.50e+02        2  1.51e-01    878      
          Rej   1.86278e+01  5.41e-01  5.02e+00  9.26e-01  5.83e-04  4.15e+00  5.73e-01  4.61e+01  2.26e-03  5.83e-04/ 3.50e+02        1  1.51e-01    878      
          Rej   7.06888e+00  5.41e-01  5.02e+00  9.26e-01  5.41e-04  3.55e+00  5.24e-01  4.61e+01  2.26e-03  5.41e-04/ 3.50e+02        1  1.51e-01    878      
          Rej   4.72212e+00  5.41e-01  5.02e+00  9.26e-01  5.22e-04  1.24e+00  4.91e-01  4.61e+01  2.26e-03  5.22e-04/ 3.50e+02        1  1.51e-01    878      
          Rej   4.56357e+00  5.41e-01  5.02e+00  9.26e-01  5.12e-04  9.07e-01  4.82e-01  4.61e+01  2.26e-03  5.12e-04/ 3.50e+02        1  1.51e-01    878      
       3  Acc   4.75785e+00  6.30e-01  4.84e+00  5.61e-01  1.37e-04  2.77e-01  1.02e-01  2.98e+02  4.31e-04  5.08e-04/ 3.50e+02        1  1.51e-01    879      
          Rej   5.34961e+00  6.30e-01  4.84e+00  5.61e-01  5.23e-04  3.16e+00  1.32e-01  2.88e+02  4.23e-04  5.23e-04/ 3.50e+02        0  6.12e-02    879      
          Rej   4.00819e+00  6.30e-01  4.84e+00  5.61e-01  5.16e-04  6.76e-01  1.05e-01  2.88e+02  4.23e-04  5.16e-04/ 3.50e+02        1  6.12e-02    879      
  Iter    Res    Objective   PrimFeas  DualFeas    Comp     minComp   maxComp   aveComp  maxLmbda  minLmb_g  minSlack/ maxSlack   CGits      mu    Memory
--------  --- ------------- --------- --------- --------- --------- --------- --------- --------- --------- ---------/--------- -------- --------- ------
          Rej   4.32091e+00  6.30e-01  4.84e+00  5.61e-01  5.12e-04  4.18e-01  1.03e-01  2.88e+02  4.23e-04  5.12e-04/ 3.50e+02        1  6.12e-02    879      
          Rej   4.52413e+00  6.30e-01  4.84e+00  5.61e-01  3.38e-04  2.98e-01  1.02e-01  2.88e+02  4.23e-04  3.38e-04/ 3.50e+02        1  6.12e-02    879      
          Rej   4.63623e+00  6.30e-01  4.84e+00  5.61e-01  5.09e-04  2.72e-01  1.01e-01  2.88e+02  4.23e-04  5.09e-04/ 3.50e+02        1  6.12e-02    879      
          Rej   4.69228e+00  6.30e-01  4.84e+00  5.61e-01  4.42e-04  2.72e-01  1.01e-01  2.88e+02  4.23e-04  4.42e-04/ 3.50e+02        1  6.12e-02    879      
          Rej   4.72386e+00  6.30e-01  4.84e+00  5.61e-01  3.24e-04  2.73e-01  1.00e-01  2.88e+02  4.23e-04  3.24e-04/ 3.50e+02        1  6.12e-02    879      
       4  Acc   4.74058e+00  6.13e-01  3.28e+00  4.55e-01  4.68e-06  1.84e-01  4.54e-02  1.20e+02  1.74e-04  2.74e-04/ 3.50e+02        1  6.12e-02    879      
          Rej   4.71779e+00  6.13e-01  3.28e+00  4.55e-01  5.11e-04  4.17e-01  4.96e-02  1.17e+02  1.73e-04  5.11e-04/ 3.50e+02        0  4.65e-02    879      
       5  Acc   4.62905e+00  7.98e-01  3.30e+00  2.64e-01  2.59e-05  1.55e-01  3.64e-02  9.15e+01  1.32e-04  5.09e-04/ 3.50e+02        1  4.65e-02    880      
          Rej   3.92318e+00  7.98e-01  3.30e+00  2.64e-01  5.20e-04  1.36e+00  5.28e-02  8.57e+01  1.28e-04  5.20e-04/ 3.50e+02        0  1.97e-02    880      
       6  Acc   4.03288e+00  1.13e+00  3.13e+00  7.66e-01  2.29e-05  4.53e-01  1.79e-02  3.84e+01  3.88e-05  4.04e-04/ 3.50e+02        1  1.97e-02    881      
          Rej   3.35794e+00  1.13e+00  3.13e+00  7.66e-01  2.66e-04  7.15e-01  2.17e-02  3.60e+01  5.41e-05  5.24e-04/ 3.50e+02        0  1.01e-02    881      
          Rej   4.97631e+00  1.13e+00  3.13e+00  7.66e-01  1.45e-04  4.38e-01  1.67e-02  3.60e+01  5.41e-05  2.49e-04/ 3.50e+02        3  1.01e-02    881      
       7  Acc   3.97182e+00  1.27e+00  5.35e+00  1.09e+00  2.11e-05  8.58e-01  1.08e-02  1.97e+01  2.85e-05  5.14e-04/ 3.50e+02        2  1.01e-02    882      
          Rej   3.10133e+00  1.27e+00  5.35e+00  1.09e+00  1.21e-05  8.24e-01  1.34e-02  1.89e+01  2.82e-05  2.15e-04/ 3.50e+02        0  7.34e-03    882      
          Rej   3.31928e+00  1.27e+00  5.35e+00  1.09e+00  5.95e-05  7.71e-01  9.16e-03  1.89e+01  2.82e-05  2.32e-04/ 3.50e+02        2  7.34e-03    882      
          Rej   4.01061e+00  1.27e+00  1.87e+06  9.42e-02  1.02e-08  3.46e+01  3.10e+00  2.31e+06  9.86e-02  1.02e-08/ 3.50e+02        0  2.37e-02    854   F  
          Rej   4.00160e+00  1.27e+00  1.87e+06  9.42e-02  1.01e-08  3.46e+01  3.10e+00  2.31e+06  9.86e-02  1.01e-08/ 3.50e+02        1  2.37e-02    854   F  
          Rej   4.05623e+00  1.27e+00  1.87e+06  9.42e-02  1.01e-08  3.46e+01  3.10e+00  2.31e+06  9.86e-02  1.01e-08/ 3.50e+02        1  2.37e-02    854   F  
       8  Acc   4.09670e+00  1.26e+00  1.87e+06  9.36e-02  1.01e-08  3.84e-01  1.71e-02  2.34e+06  6.76e-05  1.01e-08/ 3.50e+02        1  2.37e-02    860   F  
          Rej   4.09673e+00  1.26e+00  1.87e+06  9.36e-02  1.01e-08  3.84e-01  1.71e-02  2.34e+06  6.76e-05  1.01e-08/ 3.50e+02        0  2.37e-02    895   F  
          Rej   3.92104e+00  1.26e+00  1.87e+06  9.36e-02  1.01e-08  3.88e-01  1.72e-02  2.34e+06  6.76e-05  1.01e-08/ 3.50e+02        1  2.37e-02    895   F  
          Rej   3.99405e+00  1.26e+00  1.87e+06  9.36e-02  1.01e-08  3.86e-01  1.71e-02  2.34e+06  6.76e-05  1.01e-08/ 3.50e+02        1  2.37e-02    895   F  
          Rej   4.04162e+00  1.26e+00  1.87e+06  9.36e-02  1.01e-08  3.85e-01  1.71e-02  2.34e+06  6.76e-05  1.01e-08/ 3.50e+02        1  2.37e-02    895   F  
          Rej   4.06819e+00  1.26e+00  1.87e+06  9.36e-02  1.01e-08  3.84e-01  1.71e-02  2.34e+06  6.76e-05  1.01e-08/ 3.50e+02        1  2.37e-02    895   F  
          Rej   4.08221e+00  1.26e+00  1.87e+06  9.36e-02  1.01e-08  3.84e-01  1.71e-02  2.34e+06  6.76e-05  1.01e-08/ 3.50e+02        1  2.37e-02    895   F  
          Rej   4.08949e+00  1.26e+00  1.87e+06  9.36e-02  1.01e-08  3.84e-01  1.71e-02  2.34e+06  6.76e-05  1.01e-08/ 3.50e+02        1  2.37e-02    895   F  
          Rej   4.09339e+00  1.26e+00  1.87e+06  9.36e-02  1.01e-08  3.84e-01  1.71e-02  2.34e+06  6.76e-05  1.01e-08/ 3.50e+02        1  2.37e-02    895   F  
          Rej   4.09599e+00  1.26e+00  1.87e+06  9.36e-02  1.01e-08  3.84e-01  1.71e-02  2.34e+06  6.76e-05  1.01e-08/ 3.50e+02        1  2.37e-02    895   F  
          Rej   4.09661e+00  1.26e+00  1.87e+06  9.36e-02  1.01e-08  3.84e-01  1.71e-02  2.34e+06  6.76e-05  1.01e-08/ 3.50e+02        1  2.37e-02    895   F  
          Rej   4.09669e+00  1.26e+00  1.87e+06  9.36e-02  1.01e-08  3.84e-01  1.71e-02  2.34e+06  6.76e-05  1.01e-08/ 3.50e+02        1  2.37e-02    895   F  
       9  Acc   4.09670e+00  1.26e+00  1.87e+06  9.36e-02  1.01e-08  3.84e-01  1.71e-02  2.34e+06  6.76e-05  1.01e-08/ 3.50e+02        1  2.37e-02    896   F  
          Rej   4.09670e+00  1.26e+00  1.87e+06  9.36e-02  1.01e-08  3.84e-01  1.71e-02  2.34e+06  6.76e-05  1.01e-08/ 3.50e+02        0  2.37e-02    896   F  
          Rej   4.09670e+00  1.26e+00  1.87e+06  9.36e-02  1.01e-08  3.84e-01  1.71e-02  2.34e+06  6.76e-05  1.01e-08/ 3.50e+02        1  2.37e-02    896   F  
          Rej   4.09670e+00  1.26e+00  1.87e+06  9.36e-02  1.01e-08  3.84e-01  1.71e-02  2.34e+06  6.76e-05  1.01e-08/ 3.50e+02        1  2.37e-02    896   F  
  Iter    Res    Objective   PrimFeas  DualFeas    Comp     minComp   maxComp   aveComp  maxLmbda  minLmb_g  minSlack/ maxSlack   CGits      mu    Memory
--------  --- ------------- --------- --------- --------- --------- --------- --------- --------- --------- ---------/--------- -------- --------- ------
          Rej   4.09670e+00  1.26e+00  1.87e+06  9.36e-02  1.01e-08  3.84e-01  1.71e-02  2.34e+06  6.76e-05  1.01e-08/ 3.50e+02        1  2.37e-02    896   F  
      10  Acc   4.09670e+00  1.26e+00  1.87e+06  9.36e-02  1.01e-08  3.84e-01  1.71e-02  2.34e+06  6.76e-05  1.01e-08/ 3.50e+02        1  2.37e-02    896   F  
