1
 
 SNMEMA EXIT 100 -- finished successfully
 SNMEMA INFO 104 -- memory requirements estimated

 
 ===>  WARNING - Column    115 of the Jacobian is empty.
 ===>  WARNING - Column    116 of the Jacobian is empty.
 ===>  WARNING - Column    117 of the Jacobian is empty.
 ===>  WARNING - Column    118 of the Jacobian is empty.
 ===>  WARNING - Column    119 of the Jacobian is empty.
 ===>  WARNING - Column    120 of the Jacobian is empty.
 ===>  WARNING - Column    121 of the Jacobian is empty.
 ===>  WARNING - Column    122 of the Jacobian is empty.
 ===>  WARNING - Column    123 of the Jacobian is empty.
 ===>  WARNING - Column    124 of the Jacobian is empty.
 ===>  WARNING - Column    125 of the Jacobian is empty.
 ===>  WARNING - Column    126 of the Jacobian is empty.
1
 
 Parameters
 ==========

 Files
 -----
 Solution file..........         0       Old basis file ........         0       Standard input.........         5
 Insert file............         0       New basis file ........         0       (Printer)..............        10
 Punch file.............         0       Backup basis file......         0       (Specs file)...........         0
 Load file..............         0       Dump file..............         0       Standard output........         6

 Frequencies
 -----------
 Print frequency........       100       Check frequency........        60       Save new basis map.....       100
 Summary frequency......       100       Factorization frequency        50       Expand frequency.......     10000

 QP subproblems
 --------------
 QPsolver Cholesky......
 Scale tolerance........     0.900       Minor feasibility tol..  1.00E-06       Iteration limit........     10000
 Scale option...........         0       Minor optimality  tol..  1.00E-06       Minor print level......         0
 Crash tolerance........     0.100       Pivot tolerance........  3.25E-11       New superbasics........        99
 Crash option...........         3       Elastic weight.........  1.00E+05

 Partial pricing
 ---------------
 LP Partial price.......         1       Prtl price section ( A)       127       Prtl price section (-I)        62
 QP Partial price.......         1       Prtl price section ( A)       127       Prtl price section (-I)        62

 The SQP Method
 --------------
 Minimize...............                 Cold start.............                 Proximal Point method..         1
 Nonlinear objectiv vars         0       Objective Row..........         1       Function precision.....  3.00E-13
 Unbounded step size....  1.00E+20       Superbasics limit......       115       Difference interval....  5.48E-07
 Unbounded objective....  1.00E+10       Reduced Hessian dim....       115       Central difference int.  6.70E-05
 Major step limit.......  2.00E+00       Derivative linesearch..                 Derivative option......         1
 Major iterations limit.      1000       Linesearch tolerance...   0.90000       Verify level...........         0
 Minor iterations limit.       500       Penalty parameter......  0.00E+00       Major Print Level......         1
 Time limit (secs)...... 9999999.0       Major optimality tol...  1.00E-04

 Hessian Approximation
 ---------------------
 Hessian limited-memory.                 Hessian updates........        10       Hessian frequency......  99999999
                                                                                 Hessian flush..........  99999999

 Nonlinear constraints
 ---------------------
 Nonlinear constraints..        61       Major feasibility tol..  1.00E-04       Violation limit........  1.00E+01
 Nonlinear Jacobian vars       114

 Miscellaneous
 -------------
 LU factor tolerance....      3.99       LU singularity tol.....  3.25E-11       Timing level...........         3
 LU update tolerance....      3.99       LU swap tolerance......  1.22E-04       Debug level............         0
 LU partial  pivoting...                 eps (machine precision)  2.22E-16       System information.....        No
                                                                                 Sticky parameters......        No
1
 

 

 Matrix statistics
 -----------------
               Total      Normal        Free       Fixed     Bounded
 Rows             62           0           1          61           0
 Columns         127           0           1          48          78

 No. of matrix elements                 2606     Density      33.096
 Biggest  constant element        0.0000E+00  (excluding fixed columns,
 Smallest constant element        0.0000E+00   free rows, and RHS)

 No. of objective coefficients             0

 Nonlinear constraints      61     Linear constraints       1
 Nonlinear variables       114     Linear variables        13
 Jacobian  variables       114     Objective variables      0
 Total constraints          62     Total variables        127
1
 

 
 The user has defined    2604   out of    2604   first  derivatives

 Cheap test of user-supplied problem derivatives...

 XXX  The constraint gradients seem to be incorrect.

 -->  The largest discrepancy was    1.72E+01  in constraint   182
 
1
 
 

   Itns Major Minors    Step   nCon Feasible  Optimal  MeritFunction     L+U BSwap     nS condZHZ Penalty
     23     0     23              1  2.9E-01  7.4E-03 -1.6263199E-01     647           19 4.3E+03         _  r
     24     1      1 5.7E-01      2  1.3E-01 (8.5E-05) 1.6092079E+00     620     5     19 2.5E+00 1.1E+00 _  rl
     58     2     34 1.0E+00      3  1.0E-04  6.6E-03  1.5732633E+00     814     3     15 3.7E+15 1.1E+00 _s   i
     83     3     25 9.8E-02      5  9.8E-02  6.0E-01  1.0573807E+00     732     5     18 1.9E+13 1.1E+00 _    i
     90     4      7 1.0E+00      6  1.1E-02  5.7E+01  8.1310162E-01     674     5     17 4.5E+02 1.1E+00 _    i
     98     5      8 7.1E-04     16  1.1E-02  3.0E+01  8.2201816E-01     662           18 1.0E+14 5.3E+00 _    i
     99     6      1 1.3E-03     26  1.1E-02  9.4E+00  8.1510849E-01     655     3     18 1.1E+04 2.3E+00 _    i
    100     7      1 1.3E-05     36  1.1E-02  3.2E+00  8.1651308E-01     655           18 8.8E+04 3.0E+00 _ M  i
    108     8      8 7.6E-06     44  1.1E-02  1.4E+02  8.1730097E-01     663           19 4.2E+12 3.3E+00 _    i
    239     9    131 4.3E-05     46  1.1E-02  6.5E-02  8.1723473E-01     707           20 7.1E+11 3.3E+00 _  r i
    242    10      3 4.5E-03     51  1.1E-02  6.5E-02  8.5652126E-01     622     3     20 8.1E+01 2.2E+01 _s   i
    246    11      4 1.0E+00     53 (7.9E-07) 1.6E-02  8.3888698E-01     660           18 1.2E+01 2.2E+01 _ M  i
    254    12      8 1.0E+00     62 (9.5E-07) 3.4E-01  3.7430574E-01     701     2     17 6.9E+10 6.3E+08 _    i
    255    13      1 8.2E-12     69 (9.5E-07) 3.4E-01  1.2666584E+00     669     2     17 7.6E+02 4.2E+10 _    i
    269    13     14             76 (9.5E-07) 9.7E-02  3.6677921E-01     722           19 1.6E+11         _  R i
    287    14     18 2.0E-03     87 (9.5E-07)(5.7E-06) 1.7229233E+00     771     3     12 4.3E+00 6.3E+10 _  r i
1
 
 SNOPTA EXIT   0 -- finished successfully
 SNOPTA INFO   1 -- optimality conditions satisfied

 Problem name                      Toy
 No. of iterations                 287   Objective            8.3826370842E-01
 No. of major iterations            14   Linear    obj. term  8.3826370842E-01
 Penalty parameter           6.316E+10   Nonlinear obj. term  0.0000000000E+00
 User function calls (total)        88
 No. of superbasics                 12   No. of basic nonlinears            54
 No. of degenerate steps            78   Percentage                      27.18
 Max x                     115 6.1E+00   Max pi                     46 1.0E+10
 Max Primal infeas         188 2.0E-07   Max Dual infeas            77 1.7E+02
 Nonlinear constraint violn    5.8E-06
1
 
 Name                Toy                 Objective Value      8.3826370842E-01

 Status         Optimal Soln             Iteration    287    Superbasics    12

 Objective               (Min)
 RHS
 Ranges
 Bounds

 Section 1 - Constraints

  Number  ...Row.. State  ...Value......  Slack Value...  ..Lower Limit.  ..Upper Limit.  .Dual Variable    ..i
 
     128  r      1    BS         0.83826         0.83826           None            None         -1.0          1
     129  r      2 A  EQ          .               .               .               .             -0.01308      2
     130  r      3 A  EQ          .               .               .               .        -611834.51953      3
     131  r      4 D  BS         0.00000         0.00000          .               .               .           4
     132  r      5 A  EQ          .               .               .               .        -608207.95393      5
     133  r      6 A  EQ          .               .               .               .        -879208.07038      6
     134  r      7 A  EQ          .               .               .               .           3033.84162      7
     135  r      8    EQ         0.00000         0.00000          .               .       -1111463.19608      8
     136  r      9 A  EQ          .               .               .               .        -419776.09425      9
     137  r     10 A  EQ          .               .               .               .         -72518.27511     10
     138  r     11    EQ          .               .               .               .        4576745.84845     11
     139  r     12 A  EQ          .               .               .               .        -523373.74214     12
     140  r     13 A  EQ          .               .               .               .           -457.50729     13
     141  r     14    EQ          .               .               .               .       -1804324.38725     14
     142  r     15    EQ          .               .               .               .       -1217002.58585     15
     143  r     16 A  EQ          .               .               .               .          30867.89690     16
     144  r     17 A  EQ         0.00000         0.00000          .               .        -373829.58924     17
     145  r     18 A  EQ        -0.00000        -0.00000          .               .        -646698.00850     18
     146  r     19    EQ         0.00000         0.00000          .               .       -2764479.43648     19
     147  r     20 A  EQ         0.00000         0.00000          .               .        -196498.20322     20
     148  r     21 A  EQ        -0.00000        -0.00000          .               .        -100445.27019     21
     149  r     22 A  EQ        -0.00000        -0.00000          .               .          -4429.92719     22
     150  r     23 A  EQ         0.00000         0.00000          .               .        -633477.90876     23
     151  r     24 A  EQ         0.00000         0.00000          .               .        -652442.50257     24
     152  r     25 A  EQ        -0.00000        -0.00000          .               .        -674012.71573     25
     153  r     26 A  EQ        -0.00000        -0.00000          .               .        -838932.57680     26
     154  r     27 A  EQ        -0.00000        -0.00000          .               .        -441906.43802     27
     155  r     28 A  EQ         0.00000         0.00000          .               .         -44870.39551     28
     156  r     29 A  EQ         0.00000         0.00000          .               .        -849098.50972     29
     157  r     30 A  EQ         0.00000         0.00000          .               .        -433306.87085     30
     158  r     31 A  EQ        -0.00000        -0.00000          .               .         -17533.35843     31
     159  r     32 D  BS         0.00000         0.00000          .               .               .          32
     160  r     33 D  BS        -0.00000        -0.00000          .               .               .          33
     161  r     34 D  BS         0.00000         0.00000          .               .               .          34
     162  r     35 A  EQ        -0.00000        -0.00000          .               .              0.00030     35
     163  r     36 A  EQ         0.00000         0.00000          .               .             -0.00060     36
     164  r     37 A  EQ        -0.00000        -0.00000          .               .              0.00030     37
     165  r     38 A  EQ         0.00000         0.00000          .               .              0.02101     38
     166  r     39 A  EQ         0.00000         0.00000          .               .             -0.04203     39
     167  r     40 A  EQ          .               .               .               .              0.02101     40
     168  r     41 A  EQ         0.00000         0.00000          .               .             -0.00007     41
     169  r     42 A  EQ         0.00000         0.00000          .               .              0.00014     42
     170  r     43 A  EQ         0.00000         0.00000          .               .             -0.00007     43
     171  r     44 A  EQ        -0.00000        -0.00000          .               .              0.00015     44
     172  r     45 A  EQ         0.00000         0.00000          .               .             -0.00030     45
     173  r     46 A  EQ        -0.00000        -0.00000          .               .              0.00015     46
     174  r     47 D  BS         0.00000         0.00000          .               .         1.000000E+10     47
     175  r     48    EQ        -0.00000        -0.00000          .               .         1.224762E+09     48
     176  r     49 D  BS         0.00000         0.00000          .               .        -1.000000E+10     49
     177  r     50    EQ         0.00000         0.00000          .               .        -3.776428E+09     50
     178  r     51    EQ        -0.00000        -0.00000          .               .        -1.969679E+09     51
     179  r     52    EQ        -0.00000        -0.00000          .               .     -162914287.40936     52
     180  r     53    EQ         0.00000         0.00000          .               .         2.773707E+09     53
     181  r     54    EQ         0.00000         0.00000          .               .         1.639092E+09     54
     182  r     55    EQ        -0.00000        -0.00000          .               .      504491989.80974     55
     183  r     56    EQ        -0.00000        -0.00000          .               .         1.547076E+09     56
     184  r     57    EQ         0.00000         0.00000          .               .      867399503.18976     57
     185  r     58    EQ        -0.00001        -0.00001          .               .      187709235.45283     58
     186  r     59    EQ         0.00000         0.00000          .               .        -4.901680E+09     59
     187  r     60    EQ        -0.00000        -0.00000          .               .        -2.673092E+09     60
     188  r     61    EQ        -0.00000        -0.00000          .               .     -444507669.91899     61
     189  r     62 A  EQ         0.00000         0.00000          .               .             -1.0         62
1
 
 Section 2 - Variables

  Number  .Column. State  ...Value......  .Obj Gradient.  ..Lower Limit.  ..Upper Limit.  .Dual Variable    m+j
 
       1  x      1 A  EQ          .               .               .               .              0.01308     63
       2  x      2 A  EQ         0.93600          .              0.93600         0.93600    614121.02349     64
       3  x      3    EQ          .               .               .               .       15463473.59508     65
       4  x      4 A  EQ        -0.97080          .             -0.97080        -0.97080    608464.71253     66
       5  x      5 A  EQ          .               .               .               .         873176.44046     67
       6  x      6 A  EQ        -0.60000          .             -0.60000        -0.60000     -3030.65933     68
       7  x      7    EQ         2.17080          .              2.17080         2.17080   1111494.30527     69
       8  x      8 A  EQ          .               .               .               .         419987.35317     70
       9  x      9 A  EQ        -0.60000          .             -0.60000        -0.60000     72514.76821     71
      10  x     10    EQ        -0.97080          .             -0.97080        -0.97080  -4576811.27316     72
      11  x     11 A  EQ          .               .               .               .         565684.46621     73
      12  x     12 A  EQ        -0.60000          .             -0.60000        -0.60000       452.40006     74
      13  x     13    EQ         2.17080          .              2.17080         2.17080   1804264.17059     75
      14  x     14    EQ          .               .               .               .        1219753.25502     76
      15  x     15 A  EQ        -0.60000          .             -0.60000        -0.60000    -30867.65726     77
      16  x     16 A  EQ          .               .               .               .           8917.64436     78
      17  x     17 A  EQ          .               .               .               .           9266.84250     79
      18  x     18 A  EQ          .               .               .               .          -3294.43137     80
      19  x     19 A  EQ          .               .               .               .           3100.83354     81
      20  x     20 A  EQ          .               .               .               .           4405.55029     82
      21  x     21 A  EQ          .               .               .               .            -16.20303     83
      22  x     22 A  EQ          .               .               .               .           8578.42820     84
      23  x     23 A  EQ          .               .               .               .           2307.49796     85
      24  x     24 A  EQ          .               .               .               .            360.57815     86
      25  x     25 A  EQ          .               .               .               .         -22903.35314     87
      26  x     26 A  EQ          .               .               .               .           2611.78026     88
      27  x     27 A  EQ          .               .               .               .              0.98899     89
      28  x     28 A  EQ          .               .               .               .           9047.04354     90
      29  x     29 A  EQ          .               .               .               .           6089.19481     91
      30  x     30 A  EQ          .               .               .               .           -153.05274     92
      31  x     31   SBS         0.83920          .          -1000.00000      1000.00000         0.62345     93
      32  x     32    BS        -2.79816          .          -1000.00000      1000.00000        -1.22539     94
      33  x     33   SBS         1.14730          .          -1000.00000      1000.00000         0.58218     95
      34  x     34    BS         0.63952          .          -1000.00000      1000.00000        42.69998     96
      35  x     35   SBS        -2.34743          .          -1000.00000      1000.00000       -85.38318     97
      36  x     36   SBS         0.92114          .          -1000.00000      1000.00000        42.82654     98
      37  x     37   SBS         1.15443          .          -1000.00000      1000.00000        -0.18182     99
      38  x     38    BS        -3.30451          .          -1000.00000      1000.00000         0.27676    100
      39  x     39   SBS         1.40904          .          -1000.00000      1000.00000        -0.10423    101
      40  x     40   SBS         0.73046          .          -1000.00000      1000.00000         0.29919    102
      41  x     41    BS        -2.51645          .          -1000.00000      1000.00000        -0.62120    103
      42  x     42   SBS         1.01159          .          -1000.00000      1000.00000         0.31520    104
      43  x     43    BS          .               .             -0.50000         0.50000        -0.00040    105
      44  x     44    BS         0.93600          .              0.85000         1.20000        -0.00000    106
      45  x     45    BS        -0.00000          .             -1.0             1.0            -0.00050    107
      46  x     46    BS        -0.97080          .             -2.27000        -0.57000        -0.00000    108
      47  x     47    BS          .               .             -0.70000         0.70000        -0.00000    109
      48  x     48    BS        -0.60000          .             -0.70000         0.70000         0.00000    110
      49  x     49    BS         2.17080          .              0.87000         2.57000         0.00000    111
      50  x     50    BS          .               .             -0.70000         0.70000         0.00000    112
      51  x     51    BS        -0.60000          .             -0.70000         0.70000        -0.00000    113
      52  x     52    BS        -0.97080          .             -2.27000        -0.87000        -0.00000    114
      53  x     53    BS          .               .             -0.70000         0.70000         0.00000    115
      54  x     54    BS        -0.60000          .             -0.70000         0.70000        -0.00000    116
      55  x     55    BS         2.17080          .              0.87000         2.57000          .         117
      56  x     56    BS          .               .             -0.70000         0.70000         0.00000    118
      57  x     57    BS        -0.60000          .             -0.70000         0.70000        -0.00000    119
      58  x     58    BS         0.00000          .             -2.00000         2.00000        -0.00000    120
      59  x     59    BS        -0.00000          .             -2.00000         2.00000        -0.00000    121
      60  x     60    BS         0.00000          .             -2.00000         2.00000        -0.00000    122
      61  x     61    BS         0.00974          .             -2.00000         2.00000         0.05997    123
      62  x     62    BS        -0.01947          .             -2.00000         2.00000        -0.11999    124
      63  x     63    BS         0.00974          .             -2.00000         2.00000         0.06004    125
      64  x     64    BS        -0.01203          .             -2.00000         2.00000         4.20272    126
      65  x     65    BS         0.02406          .             -2.00000         2.00000        -8.40545    127
      66  x     66    BS        -0.01203          .             -2.00000         2.00000         4.20273    128
      67  x     67    BS         0.03580          .             -2.00000         2.00000        -0.01378    129
      68  x     68    BS        -0.07161          .             -2.00000         2.00000         0.02758    130
      69  x     69    BS         0.03581          .             -2.00000         2.00000        -0.01381    131
      70  x     70    BS        -0.00351          .             -2.00000         2.00000         0.03044    132
      71  x     71    BS         0.00702          .             -2.00000         2.00000        -0.06087    133
      72  x     72    BS        -0.00351          .             -2.00000         2.00000         0.03043    134
      73  x     73   SBS         3.81578          .          -1000.00000      1000.00000        57.76085    135
      74  x     74    BS         0.63604          .          -1000.00000      1000.00000        67.24035    136
      75  x     75    BS         3.85153          .          -1000.00000      1000.00000        73.06166    137
      76  x     76   SBS         3.93041          .          -1000.00000      1000.00000       -24.80282    138
      77  x     77    BS         0.15085          .          -1000.00000      1000.00000       166.86173    139
      78  x     78   SBS         4.09383          .          -1000.00000      1000.00000       102.23222    140
      79  x     79    BS         4.04319          .          -1000.00000      1000.00000        72.52049    141
      80  x     80    BS         1.68568          .          -1000.00000      1000.00000        46.53322    142
      81  x     81    BS         4.13374          .          -1000.00000      1000.00000        21.38762    143
      82  x     82   SBS         3.88287          .          -1000.00000      1000.00000         2.68051    144
      83  x     83    BS         0.30412          .          -1000.00000      1000.00000       -46.47607    145
      84  x     84    BS         3.92849          .          -1000.00000      1000.00000       -97.48847    146
      85  x     85 A  EQ          .               .               .               .               .         147
      86  x     86 A  EQ         0.93600          .              0.93600         0.93600          .         148
      87  x     87 A  EQ          .               .               .               .               .         149
      88  x     88    BS        -0.97075          .            -10.00000        10.00000         0.00030    150
      89  x     89    BS        -0.00010          .            -10.00000        10.00000        -0.00060    151
      90  x     90    BS        -0.59995          .            -10.00000        10.00000         0.00030    152
      91  x     91    BS         2.17074          .            -10.00000        10.00000         0.02101    153
      92  x     92    BS         0.00012          .            -10.00000        10.00000        -0.04203    154
      93  x     93    BS        -0.60006          .            -10.00000        10.00000         0.02101    155
      94  x     94    BS        -0.97062          .            -10.00000        10.00000        -0.00007    156
      95  x     95    BS        -0.00036          .            -10.00000        10.00000         0.00014    157
      96  x     96    BS        -0.59982          .            -10.00000        10.00000        -0.00007    158
      97  x     97    BS         2.17078          .            -10.00000        10.00000         0.00015    159
      98  x     98    BS         0.00004          .            -10.00000        10.00000        -0.00030    160
      99  x     99    BS        -0.60002          .            -10.00000        10.00000         0.00015    161
     100  x    100    EQ          .               .               .               .         1.000000E+10    162
     101  x    101    EQ          .               .               .               .         1.224762E+09    163
     102  x    102    EQ          .               .               .               .        -1.000000E+10    164
     103  x    103    EQ          .               .               .               .        -3.776428E+09    165
     104  x    104    EQ          .               .               .               .        -1.969679E+09    166
     105  x    105    EQ          .               .               .               .     -162914287.40936    167
     106  x    106    EQ          .               .               .               .         2.773707E+09    168
     107  x    107    EQ          .               .               .               .         1.639092E+09    169
     108  x    108    EQ          .               .               .               .      504491989.80974    170
     109  x    109    EQ          .               .               .               .         1.547076E+09    171
     110  x    110    EQ          .               .               .               .      867399503.18976    172
     111  x    111    EQ          .               .               .               .      187709235.45283    173
     112  x    112    EQ          .               .               .               .        -4.901680E+09    174
     113  x    113    EQ          .               .               .               .        -2.673092E+09    175
     114  x    114    EQ          .               .               .               .     -444507669.91899    176
     115  x    115 A  FR         6.08309          .          -1000.00000      1000.00000          .         177
     116  x    116 A  FR         0.81524          .          -1000.00000      1000.00000          .         178
     117  x    117 A  FR         2.53641          .          -1000.00000      1000.00000          .         179
     118  x    118 A  FR         5.83535          .          -1000.00000      1000.00000          .         180
     119  x    119 A  FR         0.72159          .          -1000.00000      1000.00000          .         181
     120  x    120 A  FR         2.59685          .          -1000.00000      1000.00000          .         182
     121  x    121 A  FR         5.50487          .          -1000.00000      1000.00000          .         183
     122  x    122 A  FR         0.54710          .          -1000.00000      1000.00000          .         184
     123  x    123 A  FR         2.57836          .          -1000.00000      1000.00000          .         185
     124  x    124 A  FR         5.75261          .          -1000.00000      1000.00000          .         186
     125  x    125 A  FR         0.64075          .          -1000.00000      1000.00000          .         187
     126  x    126 A  FR         2.51792          .          -1000.00000      1000.00000          .         188
     127  x    127    BS         0.83826         1.0               None            None           .         189
 
 Time for MPS input                             0.00 seconds
 Time for solving problem                   12039.73 seconds
 Time for solution output                       0.00 seconds
 Time for constraint functions              12177.35 seconds
 Time for objective function                    0.00 seconds
